<?xml version="1.0" encoding="UTF-8"?>
<testsuite xmlns:xsi="http://www.w3.org/2001/XMLSchema-instance" xsi:noNamespaceSchemaLocation="https://maven.apache.org/surefire/maven-surefire-plugin/xsd/surefire-test-report-3.0.xsd" version="3.0" name="com.adrelevance.engine.ConversationalAdRelevanceEngineTest" time="0.553" tests="6" errors="0" skipped="0" failures="0">
  <properties>
[...]
</properties>
  <testcase name="testBasicMessageProcessing" classname="com.adrelevance.engine.ConversationalAdRelevanceEngineTest" time="0.407">
    <system-out><![CDATA[18:15:44.126 [main] INFO  c.a.engine.AdMatchingEngine - Initialized ad inventory with 6 ads
18:15:44.132 [main] INFO  c.a.engine.ConversationManager - Created new user state: test_user
18:15:44.134 [main] INFO  c.a.e.ConversationalAdRelevanceEngine - Updated user preferences for user test_user: interests=[technology, fashion], blocked=[gambling]
18:15:44.135 [main] DEBUG c.a.e.ConversationalAdRelevanceEngine - Processing message for conversation test_conv: I need a new smartphone
18:15:44.153 [main] INFO  c.a.engine.ConversationManager - Created new conversation context: test_conv
18:15:44.161 [main] INFO  c.adrelevance.engine.ContextAnalyzer - Context analysis completed for conversation test_conv: mood=EXCITED, intents=[technology]
18:15:44.167 [main] INFO  c.a.engine.AdMatchingEngine - Found 1 relevant ads for conversation test_conv
18:15:44.168 [main] INFO  c.a.e.ConversationalAdRelevanceEngine - Generated ad suggestion for conversation test_conv: Latest Smartphone (score: 0.8400000000000001) in 33ms
]]></system-out>
  </testcase>
  <testcase name="testAnalytics" classname="com.adrelevance.engine.ConversationalAdRelevanceEngineTest" time="0.001">
    <system-out><![CDATA[18:15:44.169 [main] INFO  c.a.engine.AdMatchingEngine - Initialized ad inventory with 6 ads
18:15:44.170 [main] INFO  c.a.engine.ConversationManager - Created new user state: analytics_user
18:15:44.171 [main] INFO  c.a.e.ConversationalAdRelevanceEngine - Updated user preferences for user analytics_user: interests=[technology], blocked=[]
18:15:44.171 [main] DEBUG c.a.e.ConversationalAdRelevanceEngine - Processing message for conversation analytics_conv: I need a smartphone
18:15:44.171 [main] INFO  c.a.engine.ConversationManager - Created new conversation context: analytics_conv
18:15:44.172 [main] INFO  c.adrelevance.engine.ContextAnalyzer - Context analysis completed for conversation analytics_conv: mood=EXCITED, intents=[technology]
18:15:44.172 [main] INFO  c.a.engine.AdMatchingEngine - Found 1 relevant ads for conversation analytics_conv
18:15:44.173 [main] INFO  c.a.e.ConversationalAdRelevanceEngine - Generated ad suggestion for conversation analytics_conv: Latest Smartphone (score: 0.8400000000000001) in 2ms
18:15:44.173 [main] DEBUG c.a.e.ConversationalAdRelevanceEngine - Processing message for conversation analytics_conv: I'm excited about new tech
18:15:44.174 [main] INFO  c.adrelevance.engine.ContextAnalyzer - Context analysis completed for conversation analytics_conv: mood=EXCITED, intents=[technology]
18:15:44.175 [main] INFO  c.a.engine.AdMatchingEngine - Found 1 relevant ads for conversation analytics_conv
18:15:44.176 [main] INFO  c.a.e.ConversationalAdRelevanceEngine - Generated ad suggestion for conversation analytics_conv: Latest Smartphone (score: 0.8400000000000001) in 3ms
]]></system-out>
  </testcase>
  <testcase name="testEngineStats" classname="com.adrelevance.engine.ConversationalAdRelevanceEngineTest" time="0.002">
    <system-out><![CDATA[18:15:44.177 [main] INFO  c.a.engine.AdMatchingEngine - Initialized ad inventory with 6 ads
18:15:44.179 [main] INFO  c.a.engine.ConversationManager - Created new user state: stats_user
18:15:44.179 [main] INFO  c.a.e.ConversationalAdRelevanceEngine - Updated user preferences for user stats_user: interests=[technology], blocked=[]
18:15:44.179 [main] DEBUG c.a.e.ConversationalAdRelevanceEngine - Processing message for conversation stats_conv1: I need a phone
18:15:44.179 [main] INFO  c.a.engine.ConversationManager - Created new conversation context: stats_conv1
18:15:44.180 [main] INFO  c.adrelevance.engine.ContextAnalyzer - Context analysis completed for conversation stats_conv1: mood=EXCITED, intents=[technology]
18:15:44.180 [main] INFO  c.a.engine.AdMatchingEngine - Found 1 relevant ads for conversation stats_conv1
18:15:44.180 [main] INFO  c.a.e.ConversationalAdRelevanceEngine - Generated ad suggestion for conversation stats_conv1: Latest Smartphone (score: 0.8400000000000001) in 1ms
18:15:44.180 [main] DEBUG c.a.e.ConversationalAdRelevanceEngine - Processing message for conversation stats_conv2: I love technology
18:15:44.181 [main] INFO  c.a.engine.ConversationManager - Created new conversation context: stats_conv2
18:15:44.181 [main] INFO  c.adrelevance.engine.ContextAnalyzer - Context analysis completed for conversation stats_conv2: mood=POSITIVE, intents=[technology]
18:15:44.181 [main] INFO  c.a.engine.AdMatchingEngine - Found 0 relevant ads for conversation stats_conv2
18:15:44.181 [main] DEBUG c.a.e.ConversationalAdRelevanceEngine - No relevant ads found for conversation stats_conv2
]]></system-out>
  </testcase>
  <testcase name="testAdResponseProcessing" classname="com.adrelevance.engine.ConversationalAdRelevanceEngineTest" time="0.014">
    <system-out><![CDATA[18:15:44.182 [main] INFO  c.a.engine.AdMatchingEngine - Initialized ad inventory with 6 ads
18:15:44.182 [main] INFO  c.a.engine.ConversationManager - Created new user state: test_user
18:15:44.182 [main] INFO  c.a.e.ConversationalAdRelevanceEngine - Updated user preferences for user test_user: interests=[technology], blocked=[]
18:15:44.182 [main] DEBUG c.a.e.ConversationalAdRelevanceEngine - Processing message for conversation test_conv: I need a new phone
18:15:44.182 [main] INFO  c.a.engine.ConversationManager - Created new conversation context: test_conv
18:15:44.183 [main] INFO  c.adrelevance.engine.ContextAnalyzer - Context analysis completed for conversation test_conv: mood=EXCITED, intents=[technology]
18:15:44.183 [main] INFO  c.a.engine.AdMatchingEngine - Found 1 relevant ads for conversation test_conv
18:15:44.183 [main] INFO  c.a.e.ConversationalAdRelevanceEngine - Generated ad suggestion for conversation test_conv: Latest Smartphone (score: 0.8400000000000001) in 1ms
18:15:44.183 [main] DEBUG c.a.e.ConversationalAdRelevanceEngine - Processing ad response for conversation test_conv: Yes, that looks great!
18:15:44.183 [main] INFO  c.a.engine.AdMatchingEngine - Found 1 relevant ads for conversation test_conv
18:15:44.189 [main] DEBUG c.a.e.ConversationalAdRelevanceEngine - Processed ad response in 6ms
18:15:44.195 [main] DEBUG c.a.e.ConversationalAdRelevanceEngine - Processing ad response for conversation test_conv: No, not interested
18:15:44.196 [main] INFO  c.a.engine.AdMatchingEngine - Found 1 relevant ads for conversation test_conv
18:15:44.196 [main] DEBUG c.a.e.ConversationalAdRelevanceEngine - Processed ad response in 1ms
]]></system-out>
  </testcase>
  <testcase name="testFashionConversation" classname="com.adrelevance.engine.ConversationalAdRelevanceEngineTest" time="0.008">
    <system-out><![CDATA[18:15:44.197 [main] INFO  c.a.engine.AdMatchingEngine - Initialized ad inventory with 6 ads
18:15:44.199 [main] INFO  c.a.engine.ConversationManager - Created new user state: fashion_user
18:15:44.201 [main] INFO  c.a.e.ConversationalAdRelevanceEngine - Updated user preferences for user fashion_user: interests=[fashion, style], blocked=[]
18:15:44.201 [main] DEBUG c.a.e.ConversationalAdRelevanceEngine - Processing message for conversation fashion_conv: I'm looking for summer clothes
18:15:44.202 [main] INFO  c.a.engine.ConversationManager - Created new conversation context: fashion_conv
18:15:44.203 [main] INFO  c.adrelevance.engine.ContextAnalyzer - Context analysis completed for conversation fashion_conv: mood=EXCITED, intents=[]
18:15:44.203 [main] INFO  c.a.engine.AdMatchingEngine - Found 1 relevant ads for conversation fashion_conv
18:15:44.204 [main] INFO  c.a.e.ConversationalAdRelevanceEngine - Generated ad suggestion for conversation fashion_conv: Summer Collection (score: 0.6000000000000001) in 3ms
18:15:44.204 [main] DEBUG c.a.e.ConversationalAdRelevanceEngine - Processing message for conversation fashion_conv: I love trendy styles
18:15:44.205 [main] INFO  c.adrelevance.engine.ContextAnalyzer - Context analysis completed for conversation fashion_conv: mood=POSITIVE, intents=[]
18:15:44.205 [main] INFO  c.a.engine.AdMatchingEngine - Found 1 relevant ads for conversation fashion_conv
18:15:44.205 [main] INFO  c.a.e.ConversationalAdRelevanceEngine - Generated ad suggestion for conversation fashion_conv: Summer Collection (score: 0.9900000000000001) in 1ms
]]></system-out>
  </testcase>
  <testcase name="testTravelConversation" classname="com.adrelevance.engine.ConversationalAdRelevanceEngineTest" time="0.007">
    <system-out><![CDATA[18:15:44.206 [main] INFO  c.a.engine.AdMatchingEngine - Initialized ad inventory with 6 ads
18:15:44.209 [main] INFO  c.a.engine.ConversationManager - Created new user state: travel_user
18:15:44.211 [main] INFO  c.a.e.ConversationalAdRelevanceEngine - Updated user preferences for user travel_user: interests=[travel, vacation], blocked=[]
18:15:44.211 [main] DEBUG c.a.e.ConversationalAdRelevanceEngine - Processing message for conversation travel_conv: I'm planning a vacation to somewhere amazing
18:15:44.211 [main] INFO  c.a.engine.ConversationManager - Created new conversation context: travel_conv
18:15:44.211 [main] INFO  c.adrelevance.engine.ContextAnalyzer - Context analysis completed for conversation travel_conv: mood=POSITIVE, intents=[travel]
18:15:44.212 [main] INFO  c.a.engine.AdMatchingEngine - Found 1 relevant ads for conversation travel_conv
18:15:44.212 [main] INFO  c.a.e.ConversationalAdRelevanceEngine - Generated ad suggestion for conversation travel_conv: Dream Vacation (score: 0.4) in 1ms
]]></system-out>
  </testcase>
</testsuite>