<?xml version="1.0" encoding="UTF-8"?>
<testsuite xmlns:xsi="http://www.w3.org/2001/XMLSchema-instance" xsi:noNamespaceSchemaLocation="https://maven.apache.org/surefire/maven-surefire-plugin/xsd/surefire-test-report-3.0.xsd" version="3.0" name="com.adrelevance.engine.PerformanceTest" time="0.801" tests="4" errors="0" skipped="0" failures="0">
  <properties>
[...]
</properties>
  <testcase name="testLowLatencyProcessing" classname="com.adrelevance.engine.PerformanceTest" time="0.408">
    <system-out><![CDATA[18:15:15.450 [main] INFO  c.a.engine.AdMatchingEngine - Initialized ad inventory with 6 ads
18:15:15.455 [main] INFO  c.a.engine.ConversationManager - Created new user state: perf_user
18:15:15.458 [main] INFO  c.a.e.ConversationalAdRelevanceEngine - Updated user preferences for user perf_user: interests=[technology, fashion, travel], blocked=[gambling]
18:15:15.459 [main] DEBUG c.a.e.ConversationalAdRelevanceEngine - Processing message for conversation perf_conv: I need a new smartphone
18:15:15.479 [main] INFO  c.a.engine.ConversationManager - Created new conversation context: perf_conv
18:15:15.485 [main] INFO  c.adrelevance.engine.ContextAnalyzer - Context analysis completed for conversation perf_conv: mood=EXCITED, intents=[technology]
18:15:15.487 [main] INFO  c.a.engine.AdMatchingEngine - Found 2 relevant ads for conversation perf_conv
18:15:15.488 [main] INFO  c.a.e.ConversationalAdRelevanceEngine - Generated ad suggestion for conversation perf_conv: Latest Smartphone (score: 0.8400000000000001) in 29ms
Single message processing latency: 29ms
18:15:15.490 [main] DEBUG c.a.e.ConversationalAdRelevanceEngine - Processing message for conversation perf_conv: I need a new smartphone
18:15:15.490 [main] DEBUG c.a.e.ConversationalAdRelevanceEngine - Cache hit for conversation perf_conv
Cache hit latency: 0ms
]]></system-out>
  </testcase>
  <testcase name="testConcurrentProcessing" classname="com.adrelevance.engine.PerformanceTest" time="0.01">
    <system-out><![CDATA[18:15:15.492 [main] INFO  c.a.engine.AdMatchingEngine - Initialized ad inventory with 6 ads
18:15:15.492 [main] INFO  c.a.engine.ConversationManager - Created new user state: concurrent_user
18:15:15.492 [main] INFO  c.a.e.ConversationalAdRelevanceEngine - Updated user preferences for user concurrent_user: interests=[technology, fashion], blocked=[]
18:15:15.496 [pool-3-thread-3] DEBUG c.a.e.ConversationalAdRelevanceEngine - Processing message for conversation concurrent_conv: What's the best phone for photography?
18:15:15.495 [pool-3-thread-2] DEBUG c.a.e.ConversationalAdRelevanceEngine - Processing message for conversation concurrent_conv: I'm looking for summer clothes
18:15:15.495 [pool-3-thread-1] DEBUG c.a.e.ConversationalAdRelevanceEngine - Processing message for conversation concurrent_conv: I need a new smartphone
18:15:15.496 [pool-3-thread-4] DEBUG c.a.e.ConversationalAdRelevanceEngine - Processing message for conversation concurrent_conv: I love trendy styles
18:15:15.498 [pool-3-thread-3] INFO  c.a.engine.ConversationManager - Created new conversation context: concurrent_conv
18:15:15.501 [pool-3-thread-3] INFO  c.adrelevance.engine.ContextAnalyzer - Context analysis completed for conversation concurrent_conv: mood=EXCITED, intents=[technology]
18:15:15.501 [pool-3-thread-2] INFO  c.adrelevance.engine.ContextAnalyzer - Context analysis completed for conversation concurrent_conv: mood=POSITIVE, intents=[technology]
18:15:15.501 [pool-3-thread-4] INFO  c.adrelevance.engine.ContextAnalyzer - Context analysis completed for conversation concurrent_conv: mood=POSITIVE, intents=[technology]
18:15:15.501 [pool-3-thread-1] INFO  c.adrelevance.engine.ContextAnalyzer - Context analysis completed for conversation concurrent_conv: mood=EXCITED, intents=[technology]
18:15:15.502 [pool-3-thread-3] INFO  c.a.engine.AdMatchingEngine - Found 2 relevant ads for conversation concurrent_conv
18:15:15.502 [pool-3-thread-4] INFO  c.a.engine.AdMatchingEngine - Found 2 relevant ads for conversation concurrent_conv
18:15:15.502 [pool-3-thread-2] INFO  c.a.engine.AdMatchingEngine - Found 2 relevant ads for conversation concurrent_conv
18:15:15.505 [pool-3-thread-1] INFO  c.a.engine.AdMatchingEngine - Found 2 relevant ads for conversation concurrent_conv
18:15:15.505 [pool-3-thread-2] INFO  c.a.e.ConversationalAdRelevanceEngine - Generated ad suggestion for conversation concurrent_conv: Summer Collection (score: 0.6300000000000001) in 10ms
18:15:15.505 [pool-3-thread-4] INFO  c.a.e.ConversationalAdRelevanceEngine - Generated ad suggestion for conversation concurrent_conv: Summer Collection (score: 0.6300000000000001) in 9ms
18:15:15.505 [pool-3-thread-3] INFO  c.a.e.ConversationalAdRelevanceEngine - Generated ad suggestion for conversation concurrent_conv: Summer Collection (score: 0.6300000000000001) in 9ms
18:15:15.505 [pool-3-thread-1] INFO  c.a.e.ConversationalAdRelevanceEngine - Generated ad suggestion for conversation concurrent_conv: Summer Collection (score: 0.6300000000000001) in 10ms
18:15:15.505 [pool-3-thread-2] DEBUG c.a.e.ConversationalAdRelevanceEngine - Processing message for conversation concurrent_conv: I'm researching the latest features
18:15:15.506 [pool-3-thread-2] INFO  c.adrelevance.engine.ContextAnalyzer - Context analysis completed for conversation concurrent_conv: mood=POSITIVE, intents=[technology, research]
18:15:15.507 [pool-3-thread-2] INFO  c.a.engine.AdMatchingEngine - Found 2 relevant ads for conversation concurrent_conv
18:15:15.507 [pool-3-thread-2] INFO  c.a.e.ConversationalAdRelevanceEngine - Generated ad suggestion for conversation concurrent_conv: Summer Collection (score: 0.9900000000000001) in 2ms
Concurrent processing of 5 messages: 15ms
Average per message: 3ms
]]></system-out>
  </testcase>
  <testcase name="testHighThroughput" classname="com.adrelevance.engine.PerformanceTest" time="0.21">
    <system-out><![CDATA[18:15:15.513 [main] INFO  c.a.engine.AdMatchingEngine - Initialized ad inventory with 6 ads
18:15:15.518 [main] INFO  c.a.engine.ConversationManager - Created new user state: throughput_user
18:15:15.519 [main] INFO  c.a.e.ConversationalAdRelevanceEngine - Updated user preferences for user throughput_user: interests=[technology], blocked=[]
18:15:15.521 [main] DEBUG c.a.e.ConversationalAdRelevanceEngine - Processing message for conversation throughput_conv: I need a smartphone 0
18:15:15.521 [main] INFO  c.a.engine.ConversationManager - Created new conversation context: throughput_conv
18:15:15.521 [main] INFO  c.adrelevance.engine.ContextAnalyzer - Context analysis completed for conversation throughput_conv: mood=EXCITED, intents=[technology]
18:15:15.521 [main] INFO  c.a.engine.AdMatchingEngine - Found 1 relevant ads for conversation throughput_conv
18:15:15.522 [main] INFO  c.a.e.ConversationalAdRelevanceEngine - Generated ad suggestion for conversation throughput_conv: Latest Smartphone (score: 0.8400000000000001) in 1ms
18:15:15.522 [main] DEBUG c.a.e.ConversationalAdRelevanceEngine - Processing message for conversation throughput_conv: I need a smartphone 1
18:15:15.522 [main] INFO  c.adrelevance.engine.ContextAnalyzer - Context analysis completed for conversation throughput_conv: mood=EXCITED, intents=[technology]
18:15:15.522 [main] INFO  c.a.engine.AdMatchingEngine - Found 1 relevant ads for conversation throughput_conv
18:15:15.522 [main] INFO  c.a.e.ConversationalAdRelevanceEngine - Generated ad suggestion for conversation throughput_conv: Latest Smartphone (score: 0.8400000000000001) in 0ms
18:15:15.523 [main] DEBUG c.a.e.ConversationalAdRelevanceEngine - Processing message for conversation throughput_conv: I need a smartphone 2
18:15:15.523 [main] INFO  c.adrelevance.engine.ContextAnalyzer - Context analysis completed for conversation throughput_conv: mood=EXCITED, intents=[technology]
18:15:15.525 [main] INFO  c.a.engine.AdMatchingEngine - Found 1 relevant ads for conversation throughput_conv
18:15:15.526 [main] INFO  c.a.e.ConversationalAdRelevanceEngine - Generated ad suggestion for conversation throughput_conv: Latest Smartphone (score: 0.8400000000000001) in 3ms
18:15:15.526 [main] DEBUG c.a.e.ConversationalAdRelevanceEngine - Processing message for conversation throughput_conv: I need a smartphone 3
18:15:15.527 [main] INFO  c.adrelevance.engine.ContextAnalyzer - Context analysis completed for conversation throughput_conv: mood=EXCITED, intents=[technology]
18:15:15.528 [main] INFO  c.a.engine.AdMatchingEngine - Found 1 relevant ads for conversation throughput_conv
18:15:15.528 [main] INFO  c.a.e.ConversationalAdRelevanceEngine - Generated ad suggestion for conversation throughput_conv: Latest Smartphone (score: 0.8400000000000001) in 2ms
18:15:15.528 [main] DEBUG c.a.e.ConversationalAdRelevanceEngine - Processing message for conversation throughput_conv: I need a smartphone 4
18:15:15.529 [main] INFO  c.adrelevance.engine.ContextAnalyzer - Context analysis completed for conversation throughput_conv: mood=EXCITED, intents=[technology]
18:15:15.529 [main] INFO  c.a.engine.AdMatchingEngine - Found 1 relevant ads for conversation throughput_conv
18:15:15.529 [main] INFO  c.a.e.ConversationalAdRelevanceEngine - Generated ad suggestion for conversation throughput_conv: Latest Smartphone (score: 0.8400000000000001) in 1ms
18:15:15.529 [main] DEBUG c.a.e.ConversationalAdRelevanceEngine - Processing message for conversation throughput_conv: I need a smartphone 5
18:15:15.529 [main] INFO  c.adrelevance.engine.ContextAnalyzer - Context analysis completed for conversation throughput_conv: mood=EXCITED, intents=[technology]
18:15:15.530 [main] INFO  c.a.engine.AdMatchingEngine - Found 1 relevant ads for conversation throughput_conv
18:15:15.531 [main] INFO  c.a.e.ConversationalAdRelevanceEngine - Generated ad suggestion for conversation throughput_conv: Latest Smartphone (score: 0.8400000000000001) in 2ms
18:15:15.531 [main] DEBUG c.a.e.ConversationalAdRelevanceEngine - Processing message for conversation throughput_conv: I need a smartphone 6
18:15:15.532 [main] INFO  c.adrelevance.engine.ContextAnalyzer - Context analysis completed for conversation throughput_conv: mood=EXCITED, intents=[technology]
18:15:15.535 [main] INFO  c.a.engine.AdMatchingEngine - Found 1 relevant ads for conversation throughput_conv
18:15:15.535 [main] INFO  c.a.e.ConversationalAdRelevanceEngine - Generated ad suggestion for conversation throughput_conv: Latest Smartphone (score: 0.8400000000000001) in 4ms
18:15:15.536 [main] DEBUG c.a.e.ConversationalAdRelevanceEngine - Processing message for conversation throughput_conv: I need a smartphone 7
18:15:15.537 [main] INFO  c.adrelevance.engine.ContextAnalyzer - Context analysis completed for conversation throughput_conv: mood=EXCITED, intents=[technology]
18:15:15.537 [main] INFO  c.a.engine.AdMatchingEngine - Found 1 relevant ads for conversation throughput_conv
18:15:15.537 [main] INFO  c.a.e.ConversationalAdRelevanceEngine - Generated ad suggestion for conversation throughput_conv: Latest Smartphone (score: 0.8400000000000001) in 1ms
18:15:15.538 [main] DEBUG c.a.e.ConversationalAdRelevanceEngine - Processing message for conversation throughput_conv: I need a smartphone 8
18:15:15.538 [main] INFO  c.adrelevance.engine.ContextAnalyzer - Context analysis completed for conversation throughput_conv: mood=EXCITED, intents=[technology]
18:15:15.538 [main] INFO  c.a.engine.AdMatchingEngine - Found 1 relevant ads for conversation throughput_conv
18:15:15.538 [main] INFO  c.a.e.ConversationalAdRelevanceEngine - Generated ad suggestion for conversation throughput_conv: Latest Smartphone (score: 0.8400000000000001) in 0ms
18:15:15.538 [main] DEBUG c.a.e.ConversationalAdRelevanceEngine - Processing message for conversation throughput_conv: I need a smartphone 9
18:15:15.539 [main] INFO  c.adrelevance.engine.ContextAnalyzer - Context analysis completed for conversation throughput_conv: mood=EXCITED, intents=[technology]
18:15:15.540 [main] INFO  c.a.engine.AdMatchingEngine - Found 1 relevant ads for conversation throughput_conv
18:15:15.540 [main] INFO  c.a.e.ConversationalAdRelevanceEngine - Generated ad suggestion for conversation throughput_conv: Latest Smartphone (score: 0.8400000000000001) in 2ms
18:15:15.540 [main] DEBUG c.a.e.ConversationalAdRelevanceEngine - Processing message for conversation throughput_conv: I need a smartphone 10
18:15:15.540 [main] INFO  c.adrelevance.engine.ContextAnalyzer - Context analysis completed for conversation throughput_conv: mood=EXCITED, intents=[technology]
18:15:15.542 [main] INFO  c.a.engine.AdMatchingEngine - Found 1 relevant ads for conversation throughput_conv
18:15:15.542 [main] INFO  c.a.e.ConversationalAdRelevanceEngine - Generated ad suggestion for conversation throughput_conv: Latest Smartphone (score: 0.8400000000000001) in 2ms
18:15:15.542 [main] DEBUG c.a.e.ConversationalAdRelevanceEngine - Processing message for conversation throughput_conv: I need a smartphone 11
18:15:15.542 [main] INFO  c.adrelevance.engine.ContextAnalyzer - Context analysis completed for conversation throughput_conv: mood=EXCITED, intents=[technology]
18:15:15.543 [main] INFO  c.a.engine.AdMatchingEngine - Found 1 relevant ads for conversation throughput_conv
18:15:15.544 [main] INFO  c.a.e.ConversationalAdRelevanceEngine - Generated ad suggestion for conversation throughput_conv: Latest Smartphone (score: 0.8400000000000001) in 2ms
18:15:15.545 [main] DEBUG c.a.e.ConversationalAdRelevanceEngine - Processing message for conversation throughput_conv: I need a smartphone 12
18:15:15.545 [main] INFO  c.adrelevance.engine.ContextAnalyzer - Context analysis completed for conversation throughput_conv: mood=EXCITED, intents=[technology]
18:15:15.546 [main] INFO  c.a.engine.AdMatchingEngine - Found 1 relevant ads for conversation throughput_conv
18:15:15.546 [main] INFO  c.a.e.ConversationalAdRelevanceEngine - Generated ad suggestion for conversation throughput_conv: Latest Smartphone (score: 0.8400000000000001) in 2ms
18:15:15.546 [main] DEBUG c.a.e.ConversationalAdRelevanceEngine - Processing message for conversation throughput_conv: I need a smartphone 13
18:15:15.546 [main] INFO  c.adrelevance.engine.ContextAnalyzer - Context analysis completed for conversation throughput_conv: mood=EXCITED, intents=[technology]
18:15:15.546 [main] INFO  c.a.engine.AdMatchingEngine - Found 1 relevant ads for conversation throughput_conv
18:15:15.547 [main] INFO  c.a.e.ConversationalAdRelevanceEngine - Generated ad suggestion for conversation throughput_conv: Latest Smartphone (score: 0.8400000000000001) in 1ms
18:15:15.547 [main] DEBUG c.a.e.ConversationalAdRelevanceEngine - Processing message for conversation throughput_conv: I need a smartphone 14
18:15:15.547 [main] INFO  c.adrelevance.engine.ContextAnalyzer - Context analysis completed for conversation throughput_conv: mood=EXCITED, intents=[technology]
18:15:15.548 [main] INFO  c.a.engine.AdMatchingEngine - Found 1 relevant ads for conversation throughput_conv
18:15:15.549 [main] INFO  c.a.e.ConversationalAdRelevanceEngine - Generated ad suggestion for conversation throughput_conv: Latest Smartphone (score: 0.8400000000000001) in 2ms
18:15:15.549 [main] DEBUG c.a.e.ConversationalAdRelevanceEngine - Processing message for conversation throughput_conv: I need a smartphone 15
18:15:15.549 [main] INFO  c.adrelevance.engine.ContextAnalyzer - Context analysis completed for conversation throughput_conv: mood=EXCITED, intents=[technology]
18:15:15.549 [main] INFO  c.a.engine.AdMatchingEngine - Found 1 relevant ads for conversation throughput_conv
18:15:15.550 [main] INFO  c.a.e.ConversationalAdRelevanceEngine - Generated ad suggestion for conversation throughput_conv: Latest Smartphone (score: 0.8400000000000001) in 1ms
18:15:15.550 [main] DEBUG c.a.e.ConversationalAdRelevanceEngine - Processing message for conversation throughput_conv: I need a smartphone 16
18:15:15.552 [main] INFO  c.adrelevance.engine.ContextAnalyzer - Context analysis completed for conversation throughput_conv: mood=EXCITED, intents=[technology]
18:15:15.553 [main] INFO  c.a.engine.AdMatchingEngine - Found 1 relevant ads for conversation throughput_conv
18:15:15.553 [main] INFO  c.a.e.ConversationalAdRelevanceEngine - Generated ad suggestion for conversation throughput_conv: Latest Smartphone (score: 0.8400000000000001) in 3ms
18:15:15.554 [main] DEBUG c.a.e.ConversationalAdRelevanceEngine - Processing message for conversation throughput_conv: I need a smartphone 17
18:15:15.555 [main] INFO  c.adrelevance.engine.ContextAnalyzer - Context analysis completed for conversation throughput_conv: mood=EXCITED, intents=[technology]
18:15:15.555 [main] INFO  c.a.engine.AdMatchingEngine - Found 1 relevant ads for conversation throughput_conv
18:15:15.556 [main] INFO  c.a.e.ConversationalAdRelevanceEngine - Generated ad suggestion for conversation throughput_conv: Latest Smartphone (score: 0.8400000000000001) in 2ms
18:15:15.556 [main] DEBUG c.a.e.ConversationalAdRelevanceEngine - Processing message for conversation throughput_conv: I need a smartphone 18
18:15:15.556 [main] INFO  c.adrelevance.engine.ContextAnalyzer - Context analysis completed for conversation throughput_conv: mood=EXCITED, intents=[technology]
18:15:15.557 [main] INFO  c.a.engine.AdMatchingEngine - Found 1 relevant ads for conversation throughput_conv
18:15:15.557 [main] INFO  c.a.e.ConversationalAdRelevanceEngine - Generated ad suggestion for conversation throughput_conv: Latest Smartphone (score: 0.8400000000000001) in 1ms
18:15:15.558 [main] DEBUG c.a.e.ConversationalAdRelevanceEngine - Processing message for conversation throughput_conv: I need a smartphone 19
18:15:15.559 [main] INFO  c.adrelevance.engine.ContextAnalyzer - Context analysis completed for conversation throughput_conv: mood=EXCITED, intents=[technology]
18:15:15.559 [main] INFO  c.a.engine.AdMatchingEngine - Found 1 relevant ads for conversation throughput_conv
18:15:15.559 [main] INFO  c.a.e.ConversationalAdRelevanceEngine - Generated ad suggestion for conversation throughput_conv: Latest Smartphone (score: 0.8400000000000001) in 1ms
18:15:15.560 [main] DEBUG c.a.e.ConversationalAdRelevanceEngine - Processing message for conversation throughput_conv: I need a smartphone 20
18:15:15.561 [main] INFO  c.adrelevance.engine.ContextAnalyzer - Context analysis completed for conversation throughput_conv: mood=EXCITED, intents=[technology]
18:15:15.561 [main] INFO  c.a.engine.AdMatchingEngine - Found 1 relevant ads for conversation throughput_conv
18:15:15.561 [main] INFO  c.a.e.ConversationalAdRelevanceEngine - Generated ad suggestion for conversation throughput_conv: Latest Smartphone (score: 0.8400000000000001) in 1ms
18:15:15.561 [main] DEBUG c.a.e.ConversationalAdRelevanceEngine - Processing message for conversation throughput_conv: I need a smartphone 21
18:15:15.562 [main] INFO  c.adrelevance.engine.ContextAnalyzer - Context analysis completed for conversation throughput_conv: mood=EXCITED, intents=[technology]
18:15:15.562 [main] INFO  c.a.engine.AdMatchingEngine - Found 1 relevant ads for conversation throughput_conv
18:15:15.562 [main] INFO  c.a.e.ConversationalAdRelevanceEngine - Generated ad suggestion for conversation throughput_conv: Latest Smartphone (score: 0.8400000000000001) in 1ms
18:15:15.562 [main] DEBUG c.a.e.ConversationalAdRelevanceEngine - Processing message for conversation throughput_conv: I need a smartphone 22
18:15:15.563 [main] INFO  c.adrelevance.engine.ContextAnalyzer - Context analysis completed for conversation throughput_conv: mood=EXCITED, intents=[technology]
18:15:15.563 [main] INFO  c.a.engine.AdMatchingEngine - Found 1 relevant ads for conversation throughput_conv
18:15:15.564 [main] INFO  c.a.e.ConversationalAdRelevanceEngine - Generated ad suggestion for conversation throughput_conv: Latest Smartphone (score: 0.8400000000000001) in 2ms
18:15:15.564 [main] DEBUG c.a.e.ConversationalAdRelevanceEngine - Processing message for conversation throughput_conv: I need a smartphone 23
18:15:15.564 [main] INFO  c.adrelevance.engine.ContextAnalyzer - Context analysis completed for conversation throughput_conv: mood=EXCITED, intents=[technology]
18:15:15.566 [main] INFO  c.a.engine.AdMatchingEngine - Found 1 relevant ads for conversation throughput_conv
18:15:15.566 [main] INFO  c.a.e.ConversationalAdRelevanceEngine - Generated ad suggestion for conversation throughput_conv: Latest Smartphone (score: 0.8400000000000001) in 2ms
18:15:15.566 [main] DEBUG c.a.e.ConversationalAdRelevanceEngine - Processing message for conversation throughput_conv: I need a smartphone 24
18:15:15.567 [main] INFO  c.adrelevance.engine.ContextAnalyzer - Context analysis completed for conversation throughput_conv: mood=EXCITED, intents=[technology]
18:15:15.567 [main] INFO  c.a.engine.AdMatchingEngine - Found 1 relevant ads for conversation throughput_conv
18:15:15.567 [main] INFO  c.a.e.ConversationalAdRelevanceEngine - Generated ad suggestion for conversation throughput_conv: Latest Smartphone (score: 0.8400000000000001) in 1ms
18:15:15.567 [main] DEBUG c.a.e.ConversationalAdRelevanceEngine - Processing message for conversation throughput_conv: I need a smartphone 25
18:15:15.568 [main] INFO  c.adrelevance.engine.ContextAnalyzer - Context analysis completed for conversation throughput_conv: mood=EXCITED, intents=[technology]
18:15:15.568 [main] INFO  c.a.engine.AdMatchingEngine - Found 1 relevant ads for conversation throughput_conv
18:15:15.568 [main] INFO  c.a.e.ConversationalAdRelevanceEngine - Generated ad suggestion for conversation throughput_conv: Latest Smartphone (score: 0.8400000000000001) in 1ms
18:15:15.568 [main] DEBUG c.a.e.ConversationalAdRelevanceEngine - Processing message for conversation throughput_conv: I need a smartphone 26
18:15:15.569 [main] INFO  c.adrelevance.engine.ContextAnalyzer - Context analysis completed for conversation throughput_conv: mood=EXCITED, intents=[technology]
18:15:15.569 [main] INFO  c.a.engine.AdMatchingEngine - Found 1 relevant ads for conversation throughput_conv
18:15:15.569 [main] INFO  c.a.e.ConversationalAdRelevanceEngine - Generated ad suggestion for conversation throughput_conv: Latest Smartphone (score: 0.8400000000000001) in 1ms
18:15:15.569 [main] DEBUG c.a.e.ConversationalAdRelevanceEngine - Processing message for conversation throughput_conv: I need a smartphone 27
18:15:15.570 [main] INFO  c.adrelevance.engine.ContextAnalyzer - Context analysis completed for conversation throughput_conv: mood=EXCITED, intents=[technology]
18:15:15.570 [main] INFO  c.a.engine.AdMatchingEngine - Found 1 relevant ads for conversation throughput_conv
18:15:15.570 [main] INFO  c.a.e.ConversationalAdRelevanceEngine - Generated ad suggestion for conversation throughput_conv: Latest Smartphone (score: 0.8400000000000001) in 1ms
18:15:15.570 [main] DEBUG c.a.e.ConversationalAdRelevanceEngine - Processing message for conversation throughput_conv: I need a smartphone 28
18:15:15.572 [main] INFO  c.adrelevance.engine.ContextAnalyzer - Context analysis completed for conversation throughput_conv: mood=EXCITED, intents=[technology]
18:15:15.572 [main] INFO  c.a.engine.AdMatchingEngine - Found 1 relevant ads for conversation throughput_conv
18:15:15.572 [main] INFO  c.a.e.ConversationalAdRelevanceEngine - Generated ad suggestion for conversation throughput_conv: Latest Smartphone (score: 0.8400000000000001) in 2ms
18:15:15.572 [main] DEBUG c.a.e.ConversationalAdRelevanceEngine - Processing message for conversation throughput_conv: I need a smartphone 29
18:15:15.573 [main] INFO  c.adrelevance.engine.ContextAnalyzer - Context analysis completed for conversation throughput_conv: mood=EXCITED, intents=[technology]
18:15:15.574 [main] INFO  c.a.engine.AdMatchingEngine - Found 1 relevant ads for conversation throughput_conv
18:15:15.574 [main] INFO  c.a.e.ConversationalAdRelevanceEngine - Generated ad suggestion for conversation throughput_conv: Latest Smartphone (score: 0.8400000000000001) in 2ms
18:15:15.574 [main] DEBUG c.a.e.ConversationalAdRelevanceEngine - Processing message for conversation throughput_conv: I need a smartphone 30
18:15:15.574 [main] INFO  c.adrelevance.engine.ContextAnalyzer - Context analysis completed for conversation throughput_conv: mood=EXCITED, intents=[technology]
18:15:15.575 [main] INFO  c.a.engine.AdMatchingEngine - Found 1 relevant ads for conversation throughput_conv
18:15:15.575 [main] INFO  c.a.e.ConversationalAdRelevanceEngine - Generated ad suggestion for conversation throughput_conv: Latest Smartphone (score: 0.8400000000000001) in 1ms
18:15:15.575 [main] DEBUG c.a.e.ConversationalAdRelevanceEngine - Processing message for conversation throughput_conv: I need a smartphone 31
18:15:15.576 [main] INFO  c.adrelevance.engine.ContextAnalyzer - Context analysis completed for conversation throughput_conv: mood=EXCITED, intents=[technology]
18:15:15.577 [main] INFO  c.a.engine.AdMatchingEngine - Found 1 relevant ads for conversation throughput_conv
18:15:15.577 [main] INFO  c.a.e.ConversationalAdRelevanceEngine - Generated ad suggestion for conversation throughput_conv: Latest Smartphone (score: 0.8400000000000001) in 2ms
18:15:15.577 [main] DEBUG c.a.e.ConversationalAdRelevanceEngine - Processing message for conversation throughput_conv: I need a smartphone 32
18:15:15.578 [main] INFO  c.adrelevance.engine.ContextAnalyzer - Context analysis completed for conversation throughput_conv: mood=EXCITED, intents=[technology]
18:15:15.578 [main] INFO  c.a.engine.AdMatchingEngine - Found 1 relevant ads for conversation throughput_conv
18:15:15.578 [main] INFO  c.a.e.ConversationalAdRelevanceEngine - Generated ad suggestion for conversation throughput_conv: Latest Smartphone (score: 0.8400000000000001) in 1ms
18:15:15.578 [main] DEBUG c.a.e.ConversationalAdRelevanceEngine - Processing message for conversation throughput_conv: I need a smartphone 33
18:15:15.579 [main] INFO  c.adrelevance.engine.ContextAnalyzer - Context analysis completed for conversation throughput_conv: mood=EXCITED, intents=[technology]
18:15:15.579 [main] INFO  c.a.engine.AdMatchingEngine - Found 1 relevant ads for conversation throughput_conv
18:15:15.579 [main] INFO  c.a.e.ConversationalAdRelevanceEngine - Generated ad suggestion for conversation throughput_conv: Latest Smartphone (score: 0.8400000000000001) in 1ms
18:15:15.580 [main] DEBUG c.a.e.ConversationalAdRelevanceEngine - Processing message for conversation throughput_conv: I need a smartphone 34
18:15:15.580 [main] INFO  c.adrelevance.engine.ContextAnalyzer - Context analysis completed for conversation throughput_conv: mood=EXCITED, intents=[technology]
18:15:15.580 [main] INFO  c.a.engine.AdMatchingEngine - Found 1 relevant ads for conversation throughput_conv
18:15:15.581 [main] INFO  c.a.e.ConversationalAdRelevanceEngine - Generated ad suggestion for conversation throughput_conv: Latest Smartphone (score: 0.8400000000000001) in 1ms
18:15:15.581 [main] DEBUG c.a.e.ConversationalAdRelevanceEngine - Processing message for conversation throughput_conv: I need a smartphone 35
18:15:15.582 [main] INFO  c.adrelevance.engine.ContextAnalyzer - Context analysis completed for conversation throughput_conv: mood=EXCITED, intents=[technology]
18:15:15.582 [main] INFO  c.a.engine.AdMatchingEngine - Found 1 relevant ads for conversation throughput_conv
18:15:15.582 [main] INFO  c.a.e.ConversationalAdRelevanceEngine - Generated ad suggestion for conversation throughput_conv: Latest Smartphone (score: 0.8400000000000001) in 1ms
18:15:15.582 [main] DEBUG c.a.e.ConversationalAdRelevanceEngine - Processing message for conversation throughput_conv: I need a smartphone 36
18:15:15.583 [main] INFO  c.adrelevance.engine.ContextAnalyzer - Context analysis completed for conversation throughput_conv: mood=EXCITED, intents=[technology]
18:15:15.583 [main] INFO  c.a.engine.AdMatchingEngine - Found 1 relevant ads for conversation throughput_conv
18:15:15.584 [main] INFO  c.a.e.ConversationalAdRelevanceEngine - Generated ad suggestion for conversation throughput_conv: Latest Smartphone (score: 0.8400000000000001) in 2ms
18:15:15.584 [main] DEBUG c.a.e.ConversationalAdRelevanceEngine - Processing message for conversation throughput_conv: I need a smartphone 37
18:15:15.585 [main] INFO  c.adrelevance.engine.ContextAnalyzer - Context analysis completed for conversation throughput_conv: mood=EXCITED, intents=[technology]
18:15:15.586 [main] INFO  c.a.engine.AdMatchingEngine - Found 1 relevant ads for conversation throughput_conv
18:15:15.587 [main] INFO  c.a.e.ConversationalAdRelevanceEngine - Generated ad suggestion for conversation throughput_conv: Latest Smartphone (score: 0.8400000000000001) in 3ms
18:15:15.587 [main] DEBUG c.a.e.ConversationalAdRelevanceEngine - Processing message for conversation throughput_conv: I need a smartphone 38
18:15:15.587 [main] INFO  c.adrelevance.engine.ContextAnalyzer - Context analysis completed for conversation throughput_conv: mood=EXCITED, intents=[technology]
18:15:15.589 [main] INFO  c.a.engine.AdMatchingEngine - Found 1 relevant ads for conversation throughput_conv
18:15:15.593 [main] INFO  c.a.e.ConversationalAdRelevanceEngine - Generated ad suggestion for conversation throughput_conv: Latest Smartphone (score: 0.8400000000000001) in 6ms
18:15:15.594 [main] DEBUG c.a.e.ConversationalAdRelevanceEngine - Processing message for conversation throughput_conv: I need a smartphone 39
18:15:15.594 [main] INFO  c.adrelevance.engine.ContextAnalyzer - Context analysis completed for conversation throughput_conv: mood=EXCITED, intents=[technology]
18:15:15.595 [main] INFO  c.a.engine.AdMatchingEngine - Found 1 relevant ads for conversation throughput_conv
18:15:15.595 [main] INFO  c.a.e.ConversationalAdRelevanceEngine - Generated ad suggestion for conversation throughput_conv: Latest Smartphone (score: 0.8400000000000001) in 1ms
18:15:15.595 [main] DEBUG c.a.e.ConversationalAdRelevanceEngine - Processing message for conversation throughput_conv: I need a smartphone 40
18:15:15.595 [main] INFO  c.adrelevance.engine.ContextAnalyzer - Context analysis completed for conversation throughput_conv: mood=EXCITED, intents=[technology]
18:15:15.597 [main] INFO  c.a.engine.AdMatchingEngine - Found 1 relevant ads for conversation throughput_conv
18:15:15.598 [main] INFO  c.a.e.ConversationalAdRelevanceEngine - Generated ad suggestion for conversation throughput_conv: Latest Smartphone (score: 0.8400000000000001) in 3ms
18:15:15.598 [main] DEBUG c.a.e.ConversationalAdRelevanceEngine - Processing message for conversation throughput_conv: I need a smartphone 41
18:15:15.598 [main] INFO  c.adrelevance.engine.ContextAnalyzer - Context analysis completed for conversation throughput_conv: mood=EXCITED, intents=[technology]
18:15:15.599 [main] INFO  c.a.engine.AdMatchingEngine - Found 1 relevant ads for conversation throughput_conv
18:15:15.599 [main] INFO  c.a.e.ConversationalAdRelevanceEngine - Generated ad suggestion for conversation throughput_conv: Latest Smartphone (score: 0.8400000000000001) in 1ms
18:15:15.599 [main] DEBUG c.a.e.ConversationalAdRelevanceEngine - Processing message for conversation throughput_conv: I need a smartphone 42
18:15:15.599 [main] INFO  c.adrelevance.engine.ContextAnalyzer - Context analysis completed for conversation throughput_conv: mood=EXCITED, intents=[technology]
18:15:15.600 [main] INFO  c.a.engine.AdMatchingEngine - Found 1 relevant ads for conversation throughput_conv
18:15:15.600 [main] INFO  c.a.e.ConversationalAdRelevanceEngine - Generated ad suggestion for conversation throughput_conv: Latest Smartphone (score: 0.8400000000000001) in 1ms
18:15:15.600 [main] DEBUG c.a.e.ConversationalAdRelevanceEngine - Processing message for conversation throughput_conv: I need a smartphone 43
18:15:15.600 [main] INFO  c.adrelevance.engine.ContextAnalyzer - Context analysis completed for conversation throughput_conv: mood=EXCITED, intents=[technology]
18:15:15.601 [main] INFO  c.a.engine.AdMatchingEngine - Found 1 relevant ads for conversation throughput_conv
18:15:15.603 [main] INFO  c.a.e.ConversationalAdRelevanceEngine - Generated ad suggestion for conversation throughput_conv: Latest Smartphone (score: 0.8400000000000001) in 3ms
18:15:15.604 [main] DEBUG c.a.e.ConversationalAdRelevanceEngine - Processing message for conversation throughput_conv: I need a smartphone 44
18:15:15.604 [main] INFO  c.adrelevance.engine.ContextAnalyzer - Context analysis completed for conversation throughput_conv: mood=EXCITED, intents=[technology]
18:15:15.605 [main] INFO  c.a.engine.AdMatchingEngine - Found 1 relevant ads for conversation throughput_conv
18:15:15.605 [main] INFO  c.a.e.ConversationalAdRelevanceEngine - Generated ad suggestion for conversation throughput_conv: Latest Smartphone (score: 0.8400000000000001) in 1ms
18:15:15.606 [main] DEBUG c.a.e.ConversationalAdRelevanceEngine - Processing message for conversation throughput_conv: I need a smartphone 45
18:15:15.607 [main] INFO  c.adrelevance.engine.ContextAnalyzer - Context analysis completed for conversation throughput_conv: mood=EXCITED, intents=[technology]
18:15:15.607 [main] INFO  c.a.engine.AdMatchingEngine - Found 1 relevant ads for conversation throughput_conv
18:15:15.607 [main] INFO  c.a.e.ConversationalAdRelevanceEngine - Generated ad suggestion for conversation throughput_conv: Latest Smartphone (score: 0.8400000000000001) in 1ms
18:15:15.607 [main] DEBUG c.a.e.ConversationalAdRelevanceEngine - Processing message for conversation throughput_conv: I need a smartphone 46
18:15:15.608 [main] INFO  c.adrelevance.engine.ContextAnalyzer - Context analysis completed for conversation throughput_conv: mood=EXCITED, intents=[technology]
18:15:15.610 [main] INFO  c.a.engine.AdMatchingEngine - Found 1 relevant ads for conversation throughput_conv
18:15:15.610 [main] INFO  c.a.e.ConversationalAdRelevanceEngine - Generated ad suggestion for conversation throughput_conv: Latest Smartphone (score: 0.8400000000000001) in 3ms
18:15:15.611 [main] DEBUG c.a.e.ConversationalAdRelevanceEngine - Processing message for conversation throughput_conv: I need a smartphone 47
18:15:15.612 [main] INFO  c.adrelevance.engine.ContextAnalyzer - Context analysis completed for conversation throughput_conv: mood=EXCITED, intents=[technology]
18:15:15.614 [main] INFO  c.a.engine.AdMatchingEngine - Found 1 relevant ads for conversation throughput_conv
18:15:15.615 [main] INFO  c.a.e.ConversationalAdRelevanceEngine - Generated ad suggestion for conversation throughput_conv: Latest Smartphone (score: 0.8400000000000001) in 4ms
18:15:15.615 [main] DEBUG c.a.e.ConversationalAdRelevanceEngine - Processing message for conversation throughput_conv: I need a smartphone 48
18:15:15.615 [main] INFO  c.adrelevance.engine.ContextAnalyzer - Context analysis completed for conversation throughput_conv: mood=EXCITED, intents=[technology]
18:15:15.616 [main] INFO  c.a.engine.AdMatchingEngine - Found 1 relevant ads for conversation throughput_conv
18:15:15.616 [main] INFO  c.a.e.ConversationalAdRelevanceEngine - Generated ad suggestion for conversation throughput_conv: Latest Smartphone (score: 0.8400000000000001) in 1ms
18:15:15.617 [main] DEBUG c.a.e.ConversationalAdRelevanceEngine - Processing message for conversation throughput_conv: I need a smartphone 49
18:15:15.618 [main] INFO  c.adrelevance.engine.ContextAnalyzer - Context analysis completed for conversation throughput_conv: mood=EXCITED, intents=[technology]
18:15:15.619 [main] INFO  c.a.engine.AdMatchingEngine - Found 1 relevant ads for conversation throughput_conv
18:15:15.619 [main] INFO  c.a.e.ConversationalAdRelevanceEngine - Generated ad suggestion for conversation throughput_conv: Latest Smartphone (score: 0.8400000000000001) in 2ms
18:15:15.620 [main] DEBUG c.a.e.ConversationalAdRelevanceEngine - Processing message for conversation throughput_conv: I need a smartphone 50
18:15:15.621 [main] INFO  c.adrelevance.engine.ContextAnalyzer - Context analysis completed for conversation throughput_conv: mood=EXCITED, intents=[technology]
18:15:15.622 [main] INFO  c.a.engine.AdMatchingEngine - Found 1 relevant ads for conversation throughput_conv
18:15:15.622 [main] INFO  c.a.e.ConversationalAdRelevanceEngine - Generated ad suggestion for conversation throughput_conv: Latest Smartphone (score: 0.8400000000000001) in 2ms
18:15:15.623 [main] DEBUG c.a.e.ConversationalAdRelevanceEngine - Processing message for conversation throughput_conv: I need a smartphone 51
18:15:15.625 [main] INFO  c.adrelevance.engine.ContextAnalyzer - Context analysis completed for conversation throughput_conv: mood=EXCITED, intents=[technology]
18:15:15.625 [main] INFO  c.a.engine.AdMatchingEngine - Found 1 relevant ads for conversation throughput_conv
18:15:15.626 [main] INFO  c.a.e.ConversationalAdRelevanceEngine - Generated ad suggestion for conversation throughput_conv: Latest Smartphone (score: 0.8400000000000001) in 3ms
18:15:15.626 [main] DEBUG c.a.e.ConversationalAdRelevanceEngine - Processing message for conversation throughput_conv: I need a smartphone 52
18:15:15.626 [main] INFO  c.adrelevance.engine.ContextAnalyzer - Context analysis completed for conversation throughput_conv: mood=EXCITED, intents=[technology]
18:15:15.627 [main] INFO  c.a.engine.AdMatchingEngine - Found 1 relevant ads for conversation throughput_conv
18:15:15.627 [main] INFO  c.a.e.ConversationalAdRelevanceEngine - Generated ad suggestion for conversation throughput_conv: Latest Smartphone (score: 0.8400000000000001) in 1ms
18:15:15.627 [main] DEBUG c.a.e.ConversationalAdRelevanceEngine - Processing message for conversation throughput_conv: I need a smartphone 53
18:15:15.629 [main] INFO  c.adrelevance.engine.ContextAnalyzer - Context analysis completed for conversation throughput_conv: mood=EXCITED, intents=[technology]
18:15:15.630 [main] INFO  c.a.engine.AdMatchingEngine - Found 1 relevant ads for conversation throughput_conv
18:15:15.631 [main] INFO  c.a.e.ConversationalAdRelevanceEngine - Generated ad suggestion for conversation throughput_conv: Latest Smartphone (score: 0.8400000000000001) in 4ms
18:15:15.631 [main] DEBUG c.a.e.ConversationalAdRelevanceEngine - Processing message for conversation throughput_conv: I need a smartphone 54
18:15:15.632 [main] INFO  c.adrelevance.engine.ContextAnalyzer - Context analysis completed for conversation throughput_conv: mood=EXCITED, intents=[technology]
18:15:15.632 [main] INFO  c.a.engine.AdMatchingEngine - Found 1 relevant ads for conversation throughput_conv
18:15:15.633 [main] INFO  c.a.e.ConversationalAdRelevanceEngine - Generated ad suggestion for conversation throughput_conv: Latest Smartphone (score: 0.8400000000000001) in 2ms
18:15:15.634 [main] DEBUG c.a.e.ConversationalAdRelevanceEngine - Processing message for conversation throughput_conv: I need a smartphone 55
18:15:15.635 [main] INFO  c.adrelevance.engine.ContextAnalyzer - Context analysis completed for conversation throughput_conv: mood=EXCITED, intents=[technology]
18:15:15.635 [main] INFO  c.a.engine.AdMatchingEngine - Found 1 relevant ads for conversation throughput_conv
18:15:15.635 [main] INFO  c.a.e.ConversationalAdRelevanceEngine - Generated ad suggestion for conversation throughput_conv: Latest Smartphone (score: 0.8400000000000001) in 2ms
18:15:15.635 [main] DEBUG c.a.e.ConversationalAdRelevanceEngine - Processing message for conversation throughput_conv: I need a smartphone 56
18:15:15.636 [main] INFO  c.adrelevance.engine.ContextAnalyzer - Context analysis completed for conversation throughput_conv: mood=EXCITED, intents=[technology]
18:15:15.637 [main] INFO  c.a.engine.AdMatchingEngine - Found 1 relevant ads for conversation throughput_conv
18:15:15.637 [main] INFO  c.a.e.ConversationalAdRelevanceEngine - Generated ad suggestion for conversation throughput_conv: Latest Smartphone (score: 0.8400000000000001) in 2ms
18:15:15.637 [main] DEBUG c.a.e.ConversationalAdRelevanceEngine - Processing message for conversation throughput_conv: I need a smartphone 57
18:15:15.639 [main] INFO  c.adrelevance.engine.ContextAnalyzer - Context analysis completed for conversation throughput_conv: mood=EXCITED, intents=[technology]
18:15:15.642 [main] INFO  c.a.engine.AdMatchingEngine - Found 1 relevant ads for conversation throughput_conv
18:15:15.643 [main] INFO  c.a.e.ConversationalAdRelevanceEngine - Generated ad suggestion for conversation throughput_conv: Latest Smartphone (score: 0.8400000000000001) in 6ms
18:15:15.644 [main] DEBUG c.a.e.ConversationalAdRelevanceEngine - Processing message for conversation throughput_conv: I need a smartphone 58
18:15:15.644 [main] INFO  c.adrelevance.engine.ContextAnalyzer - Context analysis completed for conversation throughput_conv: mood=EXCITED, intents=[technology]
18:15:15.648 [main] INFO  c.a.engine.AdMatchingEngine - Found 1 relevant ads for conversation throughput_conv
18:15:15.649 [main] INFO  c.a.e.ConversationalAdRelevanceEngine - Generated ad suggestion for conversation throughput_conv: Latest Smartphone (score: 0.8400000000000001) in 5ms
18:15:15.649 [main] DEBUG c.a.e.ConversationalAdRelevanceEngine - Processing message for conversation throughput_conv: I need a smartphone 59
18:15:15.650 [main] INFO  c.adrelevance.engine.ContextAnalyzer - Context analysis completed for conversation throughput_conv: mood=EXCITED, intents=[technology]
18:15:15.650 [main] INFO  c.a.engine.AdMatchingEngine - Found 1 relevant ads for conversation throughput_conv
18:15:15.650 [main] INFO  c.a.e.ConversationalAdRelevanceEngine - Generated ad suggestion for conversation throughput_conv: Latest Smartphone (score: 0.8400000000000001) in 1ms
18:15:15.651 [main] DEBUG c.a.e.ConversationalAdRelevanceEngine - Processing message for conversation throughput_conv: I need a smartphone 60
18:15:15.651 [main] INFO  c.adrelevance.engine.ContextAnalyzer - Context analysis completed for conversation throughput_conv: mood=EXCITED, intents=[technology]
18:15:15.651 [main] INFO  c.a.engine.AdMatchingEngine - Found 1 relevant ads for conversation throughput_conv
18:15:15.651 [main] INFO  c.a.e.ConversationalAdRelevanceEngine - Generated ad suggestion for conversation throughput_conv: Latest Smartphone (score: 0.8400000000000001) in 0ms
18:15:15.651 [main] DEBUG c.a.e.ConversationalAdRelevanceEngine - Processing message for conversation throughput_conv: I need a smartphone 61
18:15:15.652 [main] INFO  c.adrelevance.engine.ContextAnalyzer - Context analysis completed for conversation throughput_conv: mood=EXCITED, intents=[technology]
18:15:15.652 [main] INFO  c.a.engine.AdMatchingEngine - Found 1 relevant ads for conversation throughput_conv
18:15:15.652 [main] INFO  c.a.e.ConversationalAdRelevanceEngine - Generated ad suggestion for conversation throughput_conv: Latest Smartphone (score: 0.8400000000000001) in 1ms
18:15:15.652 [main] DEBUG c.a.e.ConversationalAdRelevanceEngine - Processing message for conversation throughput_conv: I need a smartphone 62
18:15:15.653 [main] INFO  c.adrelevance.engine.ContextAnalyzer - Context analysis completed for conversation throughput_conv: mood=EXCITED, intents=[technology]
18:15:15.653 [main] INFO  c.a.engine.AdMatchingEngine - Found 1 relevant ads for conversation throughput_conv
18:15:15.653 [main] INFO  c.a.e.ConversationalAdRelevanceEngine - Generated ad suggestion for conversation throughput_conv: Latest Smartphone (score: 0.8400000000000001) in 1ms
18:15:15.653 [main] DEBUG c.a.e.ConversationalAdRelevanceEngine - Processing message for conversation throughput_conv: I need a smartphone 63
18:15:15.653 [main] INFO  c.adrelevance.engine.ContextAnalyzer - Context analysis completed for conversation throughput_conv: mood=EXCITED, intents=[technology]
18:15:15.653 [main] INFO  c.a.engine.AdMatchingEngine - Found 1 relevant ads for conversation throughput_conv
18:15:15.653 [main] INFO  c.a.e.ConversationalAdRelevanceEngine - Generated ad suggestion for conversation throughput_conv: Latest Smartphone (score: 0.8400000000000001) in 0ms
18:15:15.653 [main] DEBUG c.a.e.ConversationalAdRelevanceEngine - Processing message for conversation throughput_conv: I need a smartphone 64
18:15:15.654 [main] INFO  c.adrelevance.engine.ContextAnalyzer - Context analysis completed for conversation throughput_conv: mood=EXCITED, intents=[technology]
18:15:15.654 [main] INFO  c.a.engine.AdMatchingEngine - Found 1 relevant ads for conversation throughput_conv
18:15:15.654 [main] INFO  c.a.e.ConversationalAdRelevanceEngine - Generated ad suggestion for conversation throughput_conv: Latest Smartphone (score: 0.8400000000000001) in 1ms
18:15:15.654 [main] DEBUG c.a.e.ConversationalAdRelevanceEngine - Processing message for conversation throughput_conv: I need a smartphone 65
18:15:15.654 [main] INFO  c.adrelevance.engine.ContextAnalyzer - Context analysis completed for conversation throughput_conv: mood=EXCITED, intents=[technology]
18:15:15.655 [main] INFO  c.a.engine.AdMatchingEngine - Found 1 relevant ads for conversation throughput_conv
18:15:15.655 [main] INFO  c.a.e.ConversationalAdRelevanceEngine - Generated ad suggestion for conversation throughput_conv: Latest Smartphone (score: 0.8400000000000001) in 1ms
18:15:15.655 [main] DEBUG c.a.e.ConversationalAdRelevanceEngine - Processing message for conversation throughput_conv: I need a smartphone 66
18:15:15.655 [main] INFO  c.adrelevance.engine.ContextAnalyzer - Context analysis completed for conversation throughput_conv: mood=EXCITED, intents=[technology]
18:15:15.655 [main] INFO  c.a.engine.AdMatchingEngine - Found 1 relevant ads for conversation throughput_conv
18:15:15.656 [main] INFO  c.a.e.ConversationalAdRelevanceEngine - Generated ad suggestion for conversation throughput_conv: Latest Smartphone (score: 0.8400000000000001) in 1ms
18:15:15.656 [main] DEBUG c.a.e.ConversationalAdRelevanceEngine - Processing message for conversation throughput_conv: I need a smartphone 67
18:15:15.656 [main] INFO  c.adrelevance.engine.ContextAnalyzer - Context analysis completed for conversation throughput_conv: mood=EXCITED, intents=[technology]
18:15:15.656 [main] INFO  c.a.engine.AdMatchingEngine - Found 1 relevant ads for conversation throughput_conv
18:15:15.656 [main] INFO  c.a.e.ConversationalAdRelevanceEngine - Generated ad suggestion for conversation throughput_conv: Latest Smartphone (score: 0.8400000000000001) in 0ms
18:15:15.656 [main] DEBUG c.a.e.ConversationalAdRelevanceEngine - Processing message for conversation throughput_conv: I need a smartphone 68
18:15:15.657 [main] INFO  c.adrelevance.engine.ContextAnalyzer - Context analysis completed for conversation throughput_conv: mood=EXCITED, intents=[technology]
18:15:15.657 [main] INFO  c.a.engine.AdMatchingEngine - Found 1 relevant ads for conversation throughput_conv
18:15:15.658 [main] INFO  c.a.e.ConversationalAdRelevanceEngine - Generated ad suggestion for conversation throughput_conv: Latest Smartphone (score: 0.8400000000000001) in 2ms
18:15:15.659 [main] DEBUG c.a.e.ConversationalAdRelevanceEngine - Processing message for conversation throughput_conv: I need a smartphone 69
18:15:15.659 [main] INFO  c.adrelevance.engine.ContextAnalyzer - Context analysis completed for conversation throughput_conv: mood=EXCITED, intents=[technology]
18:15:15.659 [main] INFO  c.a.engine.AdMatchingEngine - Found 1 relevant ads for conversation throughput_conv
18:15:15.660 [main] INFO  c.a.e.ConversationalAdRelevanceEngine - Generated ad suggestion for conversation throughput_conv: Latest Smartphone (score: 0.8400000000000001) in 1ms
18:15:15.660 [main] DEBUG c.a.e.ConversationalAdRelevanceEngine - Processing message for conversation throughput_conv: I need a smartphone 70
18:15:15.660 [main] INFO  c.adrelevance.engine.ContextAnalyzer - Context analysis completed for conversation throughput_conv: mood=EXCITED, intents=[technology]
18:15:15.661 [main] INFO  c.a.engine.AdMatchingEngine - Found 1 relevant ads for conversation throughput_conv
18:15:15.661 [main] INFO  c.a.e.ConversationalAdRelevanceEngine - Generated ad suggestion for conversation throughput_conv: Latest Smartphone (score: 0.8400000000000001) in 1ms
18:15:15.661 [main] DEBUG c.a.e.ConversationalAdRelevanceEngine - Processing message for conversation throughput_conv: I need a smartphone 71
18:15:15.661 [main] INFO  c.adrelevance.engine.ContextAnalyzer - Context analysis completed for conversation throughput_conv: mood=EXCITED, intents=[technology]
18:15:15.661 [main] INFO  c.a.engine.AdMatchingEngine - Found 1 relevant ads for conversation throughput_conv
18:15:15.661 [main] INFO  c.a.e.ConversationalAdRelevanceEngine - Generated ad suggestion for conversation throughput_conv: Latest Smartphone (score: 0.8400000000000001) in 0ms
18:15:15.662 [main] DEBUG c.a.e.ConversationalAdRelevanceEngine - Processing message for conversation throughput_conv: I need a smartphone 72
18:15:15.665 [main] INFO  c.adrelevance.engine.ContextAnalyzer - Context analysis completed for conversation throughput_conv: mood=EXCITED, intents=[technology]
18:15:15.667 [main] INFO  c.a.engine.AdMatchingEngine - Found 1 relevant ads for conversation throughput_conv
18:15:15.669 [main] INFO  c.a.e.ConversationalAdRelevanceEngine - Generated ad suggestion for conversation throughput_conv: Latest Smartphone (score: 0.8400000000000001) in 7ms
18:15:15.670 [main] DEBUG c.a.e.ConversationalAdRelevanceEngine - Processing message for conversation throughput_conv: I need a smartphone 73
18:15:15.671 [main] INFO  c.adrelevance.engine.ContextAnalyzer - Context analysis completed for conversation throughput_conv: mood=EXCITED, intents=[technology]
18:15:15.671 [main] INFO  c.a.engine.AdMatchingEngine - Found 1 relevant ads for conversation throughput_conv
18:15:15.671 [main] INFO  c.a.e.ConversationalAdRelevanceEngine - Generated ad suggestion for conversation throughput_conv: Latest Smartphone (score: 0.8400000000000001) in 1ms
18:15:15.671 [main] DEBUG c.a.e.ConversationalAdRelevanceEngine - Processing message for conversation throughput_conv: I need a smartphone 74
18:15:15.672 [main] INFO  c.adrelevance.engine.ContextAnalyzer - Context analysis completed for conversation throughput_conv: mood=EXCITED, intents=[technology]
18:15:15.672 [main] INFO  c.a.engine.AdMatchingEngine - Found 1 relevant ads for conversation throughput_conv
18:15:15.672 [main] INFO  c.a.e.ConversationalAdRelevanceEngine - Generated ad suggestion for conversation throughput_conv: Latest Smartphone (score: 0.8400000000000001) in 1ms
18:15:15.672 [main] DEBUG c.a.e.ConversationalAdRelevanceEngine - Processing message for conversation throughput_conv: I need a smartphone 75
18:15:15.672 [main] INFO  c.adrelevance.engine.ContextAnalyzer - Context analysis completed for conversation throughput_conv: mood=EXCITED, intents=[technology]
18:15:15.673 [main] INFO  c.a.engine.AdMatchingEngine - Found 1 relevant ads for conversation throughput_conv
18:15:15.675 [main] INFO  c.a.e.ConversationalAdRelevanceEngine - Generated ad suggestion for conversation throughput_conv: Latest Smartphone (score: 0.8400000000000001) in 3ms
18:15:15.676 [main] DEBUG c.a.e.ConversationalAdRelevanceEngine - Processing message for conversation throughput_conv: I need a smartphone 76
18:15:15.676 [main] INFO  c.adrelevance.engine.ContextAnalyzer - Context analysis completed for conversation throughput_conv: mood=EXCITED, intents=[technology]
18:15:15.677 [main] INFO  c.a.engine.AdMatchingEngine - Found 1 relevant ads for conversation throughput_conv
18:15:15.677 [main] INFO  c.a.e.ConversationalAdRelevanceEngine - Generated ad suggestion for conversation throughput_conv: Latest Smartphone (score: 0.8400000000000001) in 1ms
18:15:15.677 [main] DEBUG c.a.e.ConversationalAdRelevanceEngine - Processing message for conversation throughput_conv: I need a smartphone 77
18:15:15.678 [main] INFO  c.adrelevance.engine.ContextAnalyzer - Context analysis completed for conversation throughput_conv: mood=EXCITED, intents=[technology]
18:15:15.678 [main] INFO  c.a.engine.AdMatchingEngine - Found 1 relevant ads for conversation throughput_conv
18:15:15.678 [main] INFO  c.a.e.ConversationalAdRelevanceEngine - Generated ad suggestion for conversation throughput_conv: Latest Smartphone (score: 0.8400000000000001) in 1ms
18:15:15.678 [main] DEBUG c.a.e.ConversationalAdRelevanceEngine - Processing message for conversation throughput_conv: I need a smartphone 78
18:15:15.678 [main] INFO  c.adrelevance.engine.ContextAnalyzer - Context analysis completed for conversation throughput_conv: mood=EXCITED, intents=[technology]
18:15:15.678 [main] INFO  c.a.engine.AdMatchingEngine - Found 1 relevant ads for conversation throughput_conv
18:15:15.679 [main] INFO  c.a.e.ConversationalAdRelevanceEngine - Generated ad suggestion for conversation throughput_conv: Latest Smartphone (score: 0.8400000000000001) in 1ms
18:15:15.679 [main] DEBUG c.a.e.ConversationalAdRelevanceEngine - Processing message for conversation throughput_conv: I need a smartphone 79
18:15:15.679 [main] INFO  c.adrelevance.engine.ContextAnalyzer - Context analysis completed for conversation throughput_conv: mood=EXCITED, intents=[technology]
18:15:15.679 [main] INFO  c.a.engine.AdMatchingEngine - Found 1 relevant ads for conversation throughput_conv
18:15:15.679 [main] INFO  c.a.e.ConversationalAdRelevanceEngine - Generated ad suggestion for conversation throughput_conv: Latest Smartphone (score: 0.8400000000000001) in 0ms
18:15:15.679 [main] DEBUG c.a.e.ConversationalAdRelevanceEngine - Processing message for conversation throughput_conv: I need a smartphone 80
18:15:15.680 [main] INFO  c.adrelevance.engine.ContextAnalyzer - Context analysis completed for conversation throughput_conv: mood=EXCITED, intents=[technology]
18:15:15.680 [main] INFO  c.a.engine.AdMatchingEngine - Found 1 relevant ads for conversation throughput_conv
18:15:15.681 [main] INFO  c.a.e.ConversationalAdRelevanceEngine - Generated ad suggestion for conversation throughput_conv: Latest Smartphone (score: 0.8400000000000001) in 2ms
18:15:15.681 [main] DEBUG c.a.e.ConversationalAdRelevanceEngine - Processing message for conversation throughput_conv: I need a smartphone 81
18:15:15.682 [main] INFO  c.adrelevance.engine.ContextAnalyzer - Context analysis completed for conversation throughput_conv: mood=EXCITED, intents=[technology]
18:15:15.682 [main] INFO  c.a.engine.AdMatchingEngine - Found 1 relevant ads for conversation throughput_conv
18:15:15.682 [main] INFO  c.a.e.ConversationalAdRelevanceEngine - Generated ad suggestion for conversation throughput_conv: Latest Smartphone (score: 0.8400000000000001) in 1ms
18:15:15.682 [main] DEBUG c.a.e.ConversationalAdRelevanceEngine - Processing message for conversation throughput_conv: I need a smartphone 82
18:15:15.683 [main] INFO  c.adrelevance.engine.ContextAnalyzer - Context analysis completed for conversation throughput_conv: mood=EXCITED, intents=[technology]
18:15:15.683 [main] INFO  c.a.engine.AdMatchingEngine - Found 1 relevant ads for conversation throughput_conv
18:15:15.683 [main] INFO  c.a.e.ConversationalAdRelevanceEngine - Generated ad suggestion for conversation throughput_conv: Latest Smartphone (score: 0.8400000000000001) in 1ms
18:15:15.683 [main] DEBUG c.a.e.ConversationalAdRelevanceEngine - Processing message for conversation throughput_conv: I need a smartphone 83
18:15:15.684 [main] INFO  c.adrelevance.engine.ContextAnalyzer - Context analysis completed for conversation throughput_conv: mood=EXCITED, intents=[technology]
18:15:15.684 [main] INFO  c.a.engine.AdMatchingEngine - Found 1 relevant ads for conversation throughput_conv
18:15:15.685 [main] INFO  c.a.e.ConversationalAdRelevanceEngine - Generated ad suggestion for conversation throughput_conv: Latest Smartphone (score: 0.8400000000000001) in 2ms
18:15:15.685 [main] DEBUG c.a.e.ConversationalAdRelevanceEngine - Processing message for conversation throughput_conv: I need a smartphone 84
18:15:15.685 [main] INFO  c.adrelevance.engine.ContextAnalyzer - Context analysis completed for conversation throughput_conv: mood=EXCITED, intents=[technology]
18:15:15.687 [main] INFO  c.a.engine.AdMatchingEngine - Found 1 relevant ads for conversation throughput_conv
18:15:15.687 [main] INFO  c.a.e.ConversationalAdRelevanceEngine - Generated ad suggestion for conversation throughput_conv: Latest Smartphone (score: 0.8400000000000001) in 2ms
18:15:15.687 [main] DEBUG c.a.e.ConversationalAdRelevanceEngine - Processing message for conversation throughput_conv: I need a smartphone 85
18:15:15.688 [main] INFO  c.adrelevance.engine.ContextAnalyzer - Context analysis completed for conversation throughput_conv: mood=EXCITED, intents=[technology]
18:15:15.688 [main] INFO  c.a.engine.AdMatchingEngine - Found 1 relevant ads for conversation throughput_conv
18:15:15.688 [main] INFO  c.a.e.ConversationalAdRelevanceEngine - Generated ad suggestion for conversation throughput_conv: Latest Smartphone (score: 0.8400000000000001) in 1ms
18:15:15.688 [main] DEBUG c.a.e.ConversationalAdRelevanceEngine - Processing message for conversation throughput_conv: I need a smartphone 86
18:15:15.688 [main] INFO  c.adrelevance.engine.ContextAnalyzer - Context analysis completed for conversation throughput_conv: mood=EXCITED, intents=[technology]
18:15:15.689 [main] INFO  c.a.engine.AdMatchingEngine - Found 1 relevant ads for conversation throughput_conv
18:15:15.691 [main] INFO  c.a.e.ConversationalAdRelevanceEngine - Generated ad suggestion for conversation throughput_conv: Latest Smartphone (score: 0.8400000000000001) in 3ms
18:15:15.692 [main] DEBUG c.a.e.ConversationalAdRelevanceEngine - Processing message for conversation throughput_conv: I need a smartphone 87
18:15:15.692 [main] INFO  c.adrelevance.engine.ContextAnalyzer - Context analysis completed for conversation throughput_conv: mood=EXCITED, intents=[technology]
18:15:15.693 [main] INFO  c.a.engine.AdMatchingEngine - Found 1 relevant ads for conversation throughput_conv
18:15:15.693 [main] INFO  c.a.e.ConversationalAdRelevanceEngine - Generated ad suggestion for conversation throughput_conv: Latest Smartphone (score: 0.8400000000000001) in 1ms
18:15:15.693 [main] DEBUG c.a.e.ConversationalAdRelevanceEngine - Processing message for conversation throughput_conv: I need a smartphone 88
18:15:15.693 [main] INFO  c.adrelevance.engine.ContextAnalyzer - Context analysis completed for conversation throughput_conv: mood=EXCITED, intents=[technology]
18:15:15.693 [main] INFO  c.a.engine.AdMatchingEngine - Found 1 relevant ads for conversation throughput_conv
18:15:15.693 [main] INFO  c.a.e.ConversationalAdRelevanceEngine - Generated ad suggestion for conversation throughput_conv: Latest Smartphone (score: 0.8400000000000001) in 0ms
18:15:15.693 [main] DEBUG c.a.e.ConversationalAdRelevanceEngine - Processing message for conversation throughput_conv: I need a smartphone 89
18:15:15.694 [main] INFO  c.adrelevance.engine.ContextAnalyzer - Context analysis completed for conversation throughput_conv: mood=EXCITED, intents=[technology]
18:15:15.694 [main] INFO  c.a.engine.AdMatchingEngine - Found 1 relevant ads for conversation throughput_conv
18:15:15.695 [main] INFO  c.a.e.ConversationalAdRelevanceEngine - Generated ad suggestion for conversation throughput_conv: Latest Smartphone (score: 0.8400000000000001) in 2ms
18:15:15.695 [main] DEBUG c.a.e.ConversationalAdRelevanceEngine - Processing message for conversation throughput_conv: I need a smartphone 90
18:15:15.695 [main] INFO  c.adrelevance.engine.ContextAnalyzer - Context analysis completed for conversation throughput_conv: mood=EXCITED, intents=[technology]
18:15:15.695 [main] INFO  c.a.engine.AdMatchingEngine - Found 1 relevant ads for conversation throughput_conv
18:15:15.695 [main] INFO  c.a.e.ConversationalAdRelevanceEngine - Generated ad suggestion for conversation throughput_conv: Latest Smartphone (score: 0.8400000000000001) in 0ms
18:15:15.695 [main] DEBUG c.a.e.ConversationalAdRelevanceEngine - Processing message for conversation throughput_conv: I need a smartphone 91
18:15:15.696 [main] INFO  c.adrelevance.engine.ContextAnalyzer - Context analysis completed for conversation throughput_conv: mood=EXCITED, intents=[technology]
18:15:15.696 [main] INFO  c.a.engine.AdMatchingEngine - Found 1 relevant ads for conversation throughput_conv
18:15:15.696 [main] INFO  c.a.e.ConversationalAdRelevanceEngine - Generated ad suggestion for conversation throughput_conv: Latest Smartphone (score: 0.8400000000000001) in 1ms
18:15:15.696 [main] DEBUG c.a.e.ConversationalAdRelevanceEngine - Processing message for conversation throughput_conv: I need a smartphone 92
18:15:15.697 [main] INFO  c.adrelevance.engine.ContextAnalyzer - Context analysis completed for conversation throughput_conv: mood=EXCITED, intents=[technology]
18:15:15.697 [main] INFO  c.a.engine.AdMatchingEngine - Found 1 relevant ads for conversation throughput_conv
18:15:15.697 [main] INFO  c.a.e.ConversationalAdRelevanceEngine - Generated ad suggestion for conversation throughput_conv: Latest Smartphone (score: 0.8400000000000001) in 1ms
18:15:15.697 [main] DEBUG c.a.e.ConversationalAdRelevanceEngine - Processing message for conversation throughput_conv: I need a smartphone 93
18:15:15.698 [main] INFO  c.adrelevance.engine.ContextAnalyzer - Context analysis completed for conversation throughput_conv: mood=EXCITED, intents=[technology]
18:15:15.698 [main] INFO  c.a.engine.AdMatchingEngine - Found 1 relevant ads for conversation throughput_conv
18:15:15.698 [main] INFO  c.a.e.ConversationalAdRelevanceEngine - Generated ad suggestion for conversation throughput_conv: Latest Smartphone (score: 0.8400000000000001) in 1ms
18:15:15.698 [main] DEBUG c.a.e.ConversationalAdRelevanceEngine - Processing message for conversation throughput_conv: I need a smartphone 94
18:15:15.698 [main] INFO  c.adrelevance.engine.ContextAnalyzer - Context analysis completed for conversation throughput_conv: mood=EXCITED, intents=[technology]
18:15:15.699 [main] INFO  c.a.engine.AdMatchingEngine - Found 1 relevant ads for conversation throughput_conv
18:15:15.699 [main] INFO  c.a.e.ConversationalAdRelevanceEngine - Generated ad suggestion for conversation throughput_conv: Latest Smartphone (score: 0.8400000000000001) in 1ms
18:15:15.699 [main] DEBUG c.a.e.ConversationalAdRelevanceEngine - Processing message for conversation throughput_conv: I need a smartphone 95
18:15:15.700 [main] INFO  c.adrelevance.engine.ContextAnalyzer - Context analysis completed for conversation throughput_conv: mood=EXCITED, intents=[technology]
18:15:15.700 [main] INFO  c.a.engine.AdMatchingEngine - Found 1 relevant ads for conversation throughput_conv
18:15:15.700 [main] INFO  c.a.e.ConversationalAdRelevanceEngine - Generated ad suggestion for conversation throughput_conv: Latest Smartphone (score: 0.8400000000000001) in 1ms
18:15:15.700 [main] DEBUG c.a.e.ConversationalAdRelevanceEngine - Processing message for conversation throughput_conv: I need a smartphone 96
18:15:15.701 [main] INFO  c.adrelevance.engine.ContextAnalyzer - Context analysis completed for conversation throughput_conv: mood=EXCITED, intents=[technology]
18:15:15.701 [main] INFO  c.a.engine.AdMatchingEngine - Found 1 relevant ads for conversation throughput_conv
18:15:15.701 [main] INFO  c.a.e.ConversationalAdRelevanceEngine - Generated ad suggestion for conversation throughput_conv: Latest Smartphone (score: 0.8400000000000001) in 1ms
18:15:15.701 [main] DEBUG c.a.e.ConversationalAdRelevanceEngine - Processing message for conversation throughput_conv: I need a smartphone 97
18:15:15.701 [main] INFO  c.adrelevance.engine.ContextAnalyzer - Context analysis completed for conversation throughput_conv: mood=EXCITED, intents=[technology]
18:15:15.702 [main] INFO  c.a.engine.AdMatchingEngine - Found 1 relevant ads for conversation throughput_conv
18:15:15.702 [main] INFO  c.a.e.ConversationalAdRelevanceEngine - Generated ad suggestion for conversation throughput_conv: Latest Smartphone (score: 0.8400000000000001) in 1ms
18:15:15.702 [main] DEBUG c.a.e.ConversationalAdRelevanceEngine - Processing message for conversation throughput_conv: I need a smartphone 98
18:15:15.703 [main] INFO  c.adrelevance.engine.ContextAnalyzer - Context analysis completed for conversation throughput_conv: mood=EXCITED, intents=[technology]
18:15:15.704 [main] INFO  c.a.engine.AdMatchingEngine - Found 1 relevant ads for conversation throughput_conv
18:15:15.704 [main] INFO  c.a.e.ConversationalAdRelevanceEngine - Generated ad suggestion for conversation throughput_conv: Latest Smartphone (score: 0.8400000000000001) in 2ms
18:15:15.704 [main] DEBUG c.a.e.ConversationalAdRelevanceEngine - Processing message for conversation throughput_conv: I need a smartphone 99
18:15:15.705 [main] INFO  c.adrelevance.engine.ContextAnalyzer - Context analysis completed for conversation throughput_conv: mood=EXCITED, intents=[technology]
18:15:15.705 [main] INFO  c.a.engine.AdMatchingEngine - Found 1 relevant ads for conversation throughput_conv
18:15:15.705 [main] INFO  c.a.e.ConversationalAdRelevanceEngine - Generated ad suggestion for conversation throughput_conv: Latest Smartphone (score: 0.8400000000000001) in 1ms
Processed 100 messages in 185ms
Throughput: 540.54 messages/second
]]></system-out>
  </testcase>
  <testcase name="testMemoryEfficiency" classname="com.adrelevance.engine.PerformanceTest" time="0.057">
    <system-out><![CDATA[18:15:15.709 [main] INFO  c.a.engine.AdMatchingEngine - Initialized ad inventory with 6 ads
18:15:15.711 [main] INFO  c.a.engine.ConversationManager - Created new user state: user_0
18:15:15.712 [main] INFO  c.a.e.ConversationalAdRelevanceEngine - Updated user preferences for user user_0: interests=[technology, fashion], blocked=[]
18:15:15.718 [main] DEBUG c.a.e.ConversationalAdRelevanceEngine - Processing message for conversation conv_0: Message 0 from user 0
18:15:15.719 [main] INFO  c.a.engine.ConversationManager - Created new conversation context: conv_0
18:15:15.719 [main] INFO  c.adrelevance.engine.ContextAnalyzer - Context analysis completed for conversation conv_0: mood=EXCITED, intents=[]
18:15:15.719 [main] INFO  c.a.engine.AdMatchingEngine - Found 1 relevant ads for conversation conv_0
18:15:15.720 [main] INFO  c.a.e.ConversationalAdRelevanceEngine - Generated ad suggestion for conversation conv_0: Latest Smartphone (score: 0.30000000000000004) in 2ms
18:15:15.721 [main] DEBUG c.a.e.ConversationalAdRelevanceEngine - Processing message for conversation conv_0: Message 1 from user 0
18:15:15.721 [main] INFO  c.adrelevance.engine.ContextAnalyzer - Context analysis completed for conversation conv_0: mood=EXCITED, intents=[]
18:15:15.721 [main] INFO  c.a.engine.AdMatchingEngine - Found 1 relevant ads for conversation conv_0
18:15:15.721 [main] INFO  c.a.e.ConversationalAdRelevanceEngine - Generated ad suggestion for conversation conv_0: Latest Smartphone (score: 0.30000000000000004) in 0ms
18:15:15.721 [main] DEBUG c.a.e.ConversationalAdRelevanceEngine - Processing message for conversation conv_0: Message 2 from user 0
18:15:15.721 [main] INFO  c.adrelevance.engine.ContextAnalyzer - Context analysis completed for conversation conv_0: mood=EXCITED, intents=[]
18:15:15.721 [main] INFO  c.a.engine.AdMatchingEngine - Found 1 relevant ads for conversation conv_0
18:15:15.722 [main] INFO  c.a.e.ConversationalAdRelevanceEngine - Generated ad suggestion for conversation conv_0: Latest Smartphone (score: 0.30000000000000004) in 1ms
18:15:15.722 [main] DEBUG c.a.e.ConversationalAdRelevanceEngine - Processing message for conversation conv_0: Message 3 from user 0
18:15:15.723 [main] INFO  c.adrelevance.engine.ContextAnalyzer - Context analysis completed for conversation conv_0: mood=EXCITED, intents=[]
18:15:15.723 [main] INFO  c.a.engine.AdMatchingEngine - Found 1 relevant ads for conversation conv_0
18:15:15.723 [main] INFO  c.a.e.ConversationalAdRelevanceEngine - Generated ad suggestion for conversation conv_0: Latest Smartphone (score: 0.30000000000000004) in 1ms
18:15:15.723 [main] DEBUG c.a.e.ConversationalAdRelevanceEngine - Processing message for conversation conv_0: Message 4 from user 0
18:15:15.725 [main] INFO  c.adrelevance.engine.ContextAnalyzer - Context analysis completed for conversation conv_0: mood=EXCITED, intents=[]
18:15:15.726 [main] INFO  c.a.engine.AdMatchingEngine - Found 1 relevant ads for conversation conv_0
18:15:15.726 [main] INFO  c.a.e.ConversationalAdRelevanceEngine - Generated ad suggestion for conversation conv_0: Latest Smartphone (score: 0.30000000000000004) in 3ms
18:15:15.726 [main] INFO  c.a.engine.ConversationManager - Created new user state: user_1
18:15:15.726 [main] INFO  c.a.e.ConversationalAdRelevanceEngine - Updated user preferences for user user_1: interests=[technology, fashion], blocked=[]
18:15:15.726 [main] DEBUG c.a.e.ConversationalAdRelevanceEngine - Processing message for conversation conv_1: Message 1 from user 1
18:15:15.726 [main] INFO  c.a.engine.ConversationManager - Created new conversation context: conv_1
18:15:15.726 [main] INFO  c.adrelevance.engine.ContextAnalyzer - Context analysis completed for conversation conv_1: mood=EXCITED, intents=[]
18:15:15.727 [main] INFO  c.a.engine.AdMatchingEngine - Found 1 relevant ads for conversation conv_1
18:15:15.727 [main] INFO  c.a.e.ConversationalAdRelevanceEngine - Generated ad suggestion for conversation conv_1: Latest Smartphone (score: 0.30000000000000004) in 1ms
18:15:15.727 [main] DEBUG c.a.e.ConversationalAdRelevanceEngine - Processing message for conversation conv_1: Message 2 from user 1
18:15:15.729 [main] INFO  c.adrelevance.engine.ContextAnalyzer - Context analysis completed for conversation conv_1: mood=EXCITED, intents=[]
18:15:15.730 [main] INFO  c.a.engine.AdMatchingEngine - Found 1 relevant ads for conversation conv_1
18:15:15.730 [main] INFO  c.a.e.ConversationalAdRelevanceEngine - Generated ad suggestion for conversation conv_1: Latest Smartphone (score: 0.30000000000000004) in 3ms
18:15:15.730 [main] DEBUG c.a.e.ConversationalAdRelevanceEngine - Processing message for conversation conv_1: Message 3 from user 1
18:15:15.730 [main] INFO  c.adrelevance.engine.ContextAnalyzer - Context analysis completed for conversation conv_1: mood=EXCITED, intents=[]
18:15:15.730 [main] INFO  c.a.engine.AdMatchingEngine - Found 1 relevant ads for conversation conv_1
18:15:15.731 [main] INFO  c.a.e.ConversationalAdRelevanceEngine - Generated ad suggestion for conversation conv_1: Latest Smartphone (score: 0.30000000000000004) in 1ms
18:15:15.731 [main] DEBUG c.a.e.ConversationalAdRelevanceEngine - Processing message for conversation conv_1: Message 4 from user 1
18:15:15.732 [main] INFO  c.adrelevance.engine.ContextAnalyzer - Context analysis completed for conversation conv_1: mood=EXCITED, intents=[]
18:15:15.732 [main] INFO  c.a.engine.AdMatchingEngine - Found 1 relevant ads for conversation conv_1
18:15:15.732 [main] INFO  c.a.e.ConversationalAdRelevanceEngine - Generated ad suggestion for conversation conv_1: Latest Smartphone (score: 0.30000000000000004) in 1ms
18:15:15.732 [main] INFO  c.a.engine.ConversationManager - Created new user state: user_2
18:15:15.732 [main] INFO  c.a.e.ConversationalAdRelevanceEngine - Updated user preferences for user user_2: interests=[technology, fashion], blocked=[]
18:15:15.732 [main] DEBUG c.a.e.ConversationalAdRelevanceEngine - Processing message for conversation conv_2: Message 2 from user 2
18:15:15.732 [main] INFO  c.a.engine.ConversationManager - Created new conversation context: conv_2
18:15:15.733 [main] INFO  c.adrelevance.engine.ContextAnalyzer - Context analysis completed for conversation conv_2: mood=EXCITED, intents=[]
18:15:15.733 [main] INFO  c.a.engine.AdMatchingEngine - Found 1 relevant ads for conversation conv_2
18:15:15.733 [main] INFO  c.a.e.ConversationalAdRelevanceEngine - Generated ad suggestion for conversation conv_2: Latest Smartphone (score: 0.30000000000000004) in 1ms
18:15:15.733 [main] DEBUG c.a.e.ConversationalAdRelevanceEngine - Processing message for conversation conv_2: Message 3 from user 2
18:15:15.733 [main] INFO  c.adrelevance.engine.ContextAnalyzer - Context analysis completed for conversation conv_2: mood=EXCITED, intents=[]
18:15:15.733 [main] INFO  c.a.engine.AdMatchingEngine - Found 1 relevant ads for conversation conv_2
18:15:15.733 [main] INFO  c.a.e.ConversationalAdRelevanceEngine - Generated ad suggestion for conversation conv_2: Latest Smartphone (score: 0.30000000000000004) in 0ms
18:15:15.733 [main] DEBUG c.a.e.ConversationalAdRelevanceEngine - Processing message for conversation conv_2: Message 4 from user 2
18:15:15.734 [main] INFO  c.adrelevance.engine.ContextAnalyzer - Context analysis completed for conversation conv_2: mood=EXCITED, intents=[]
18:15:15.735 [main] INFO  c.a.engine.AdMatchingEngine - Found 1 relevant ads for conversation conv_2
18:15:15.738 [main] INFO  c.a.e.ConversationalAdRelevanceEngine - Generated ad suggestion for conversation conv_2: Latest Smartphone (score: 0.30000000000000004) in 5ms
18:15:15.738 [main] INFO  c.a.engine.ConversationManager - Created new user state: user_3
18:15:15.739 [main] INFO  c.a.e.ConversationalAdRelevanceEngine - Updated user preferences for user user_3: interests=[technology, fashion], blocked=[]
18:15:15.739 [main] DEBUG c.a.e.ConversationalAdRelevanceEngine - Processing message for conversation conv_3: Message 3 from user 3
18:15:15.739 [main] INFO  c.a.engine.ConversationManager - Created new conversation context: conv_3
18:15:15.745 [main] INFO  c.adrelevance.engine.ContextAnalyzer - Context analysis completed for conversation conv_3: mood=EXCITED, intents=[]
18:15:15.746 [main] INFO  c.a.engine.AdMatchingEngine - Found 1 relevant ads for conversation conv_3
18:15:15.746 [main] INFO  c.a.e.ConversationalAdRelevanceEngine - Generated ad suggestion for conversation conv_3: Latest Smartphone (score: 0.30000000000000004) in 7ms
18:15:15.746 [main] DEBUG c.a.e.ConversationalAdRelevanceEngine - Processing message for conversation conv_3: Message 4 from user 3
18:15:15.747 [main] INFO  c.adrelevance.engine.ContextAnalyzer - Context analysis completed for conversation conv_3: mood=EXCITED, intents=[]
18:15:15.748 [main] INFO  c.a.engine.AdMatchingEngine - Found 1 relevant ads for conversation conv_3
18:15:15.748 [main] INFO  c.a.e.ConversationalAdRelevanceEngine - Generated ad suggestion for conversation conv_3: Latest Smartphone (score: 0.30000000000000004) in 2ms
18:15:15.749 [main] INFO  c.a.engine.ConversationManager - Created new user state: user_4
18:15:15.750 [main] INFO  c.a.e.ConversationalAdRelevanceEngine - Updated user preferences for user user_4: interests=[technology, fashion], blocked=[]
18:15:15.751 [main] DEBUG c.a.e.ConversationalAdRelevanceEngine - Processing message for conversation conv_4: Message 4 from user 4
18:15:15.751 [main] INFO  c.a.engine.ConversationManager - Created new conversation context: conv_4
18:15:15.753 [main] INFO  c.adrelevance.engine.ContextAnalyzer - Context analysis completed for conversation conv_4: mood=EXCITED, intents=[]
18:15:15.753 [main] INFO  c.a.engine.AdMatchingEngine - Found 1 relevant ads for conversation conv_4
18:15:15.754 [main] INFO  c.a.e.ConversationalAdRelevanceEngine - Generated ad suggestion for conversation conv_4: Latest Smartphone (score: 0.30000000000000004) in 3ms
18:15:15.755 [main] INFO  c.a.engine.ConversationManager - Created new user state: user_5
18:15:15.755 [main] INFO  c.a.e.ConversationalAdRelevanceEngine - Updated user preferences for user user_5: interests=[technology, fashion], blocked=[]
18:15:15.755 [main] INFO  c.a.engine.ConversationManager - Created new user state: user_6
18:15:15.755 [main] INFO  c.a.e.ConversationalAdRelevanceEngine - Updated user preferences for user user_6: interests=[technology, fashion], blocked=[]
18:15:15.755 [main] INFO  c.a.engine.ConversationManager - Created new user state: user_7
18:15:15.755 [main] INFO  c.a.e.ConversationalAdRelevanceEngine - Updated user preferences for user user_7: interests=[technology, fashion], blocked=[]
18:15:15.755 [main] INFO  c.a.engine.ConversationManager - Created new user state: user_8
18:15:15.755 [main] INFO  c.a.e.ConversationalAdRelevanceEngine - Updated user preferences for user user_8: interests=[technology, fashion], blocked=[]
18:15:15.755 [main] INFO  c.a.engine.ConversationManager - Created new user state: user_9
18:15:15.755 [main] INFO  c.a.e.ConversationalAdRelevanceEngine - Updated user preferences for user user_9: interests=[technology, fashion], blocked=[]
18:15:15.755 [main] INFO  c.a.engine.ConversationManager - Created new user state: user_10
18:15:15.755 [main] INFO  c.a.e.ConversationalAdRelevanceEngine - Updated user preferences for user user_10: interests=[technology, fashion], blocked=[]
18:15:15.755 [main] INFO  c.a.engine.ConversationManager - Created new user state: user_11
18:15:15.756 [main] INFO  c.a.e.ConversationalAdRelevanceEngine - Updated user preferences for user user_11: interests=[technology, fashion], blocked=[]
18:15:15.756 [main] INFO  c.a.engine.ConversationManager - Created new user state: user_12
18:15:15.756 [main] INFO  c.a.e.ConversationalAdRelevanceEngine - Updated user preferences for user user_12: interests=[technology, fashion], blocked=[]
18:15:15.756 [main] INFO  c.a.engine.ConversationManager - Created new user state: user_13
18:15:15.756 [main] INFO  c.a.e.ConversationalAdRelevanceEngine - Updated user preferences for user user_13: interests=[technology, fashion], blocked=[]
18:15:15.756 [main] INFO  c.a.engine.ConversationManager - Created new user state: user_14
18:15:15.756 [main] INFO  c.a.e.ConversationalAdRelevanceEngine - Updated user preferences for user user_14: interests=[technology, fashion], blocked=[]
18:15:15.756 [main] INFO  c.a.engine.ConversationManager - Created new user state: user_15
18:15:15.757 [main] INFO  c.a.e.ConversationalAdRelevanceEngine - Updated user preferences for user user_15: interests=[technology, fashion], blocked=[]
18:15:15.757 [main] INFO  c.a.engine.ConversationManager - Created new user state: user_16
18:15:15.758 [main] INFO  c.a.e.ConversationalAdRelevanceEngine - Updated user preferences for user user_16: interests=[technology, fashion], blocked=[]
18:15:15.758 [main] INFO  c.a.engine.ConversationManager - Created new user state: user_17
18:15:15.758 [main] INFO  c.a.e.ConversationalAdRelevanceEngine - Updated user preferences for user user_17: interests=[technology, fashion], blocked=[]
18:15:15.758 [main] INFO  c.a.engine.ConversationManager - Created new user state: user_18
18:15:15.758 [main] INFO  c.a.e.ConversationalAdRelevanceEngine - Updated user preferences for user user_18: interests=[technology, fashion], blocked=[]
18:15:15.758 [main] INFO  c.a.engine.ConversationManager - Created new user state: user_19
18:15:15.758 [main] INFO  c.a.e.ConversationalAdRelevanceEngine - Updated user preferences for user user_19: interests=[technology, fashion], blocked=[]
18:15:15.758 [main] INFO  c.a.engine.ConversationManager - Created new user state: user_20
18:15:15.758 [main] INFO  c.a.e.ConversationalAdRelevanceEngine - Updated user preferences for user user_20: interests=[technology, fashion], blocked=[]
18:15:15.758 [main] INFO  c.a.engine.ConversationManager - Created new user state: user_21
18:15:15.758 [main] INFO  c.a.e.ConversationalAdRelevanceEngine - Updated user preferences for user user_21: interests=[technology, fashion], blocked=[]
18:15:15.759 [main] INFO  c.a.engine.ConversationManager - Created new user state: user_22
18:15:15.759 [main] INFO  c.a.e.ConversationalAdRelevanceEngine - Updated user preferences for user user_22: interests=[technology, fashion], blocked=[]
18:15:15.759 [main] INFO  c.a.engine.ConversationManager - Created new user state: user_23
18:15:15.759 [main] INFO  c.a.e.ConversationalAdRelevanceEngine - Updated user preferences for user user_23: interests=[technology, fashion], blocked=[]
18:15:15.759 [main] INFO  c.a.engine.ConversationManager - Created new user state: user_24
18:15:15.759 [main] INFO  c.a.e.ConversationalAdRelevanceEngine - Updated user preferences for user user_24: interests=[technology, fashion], blocked=[]
18:15:15.759 [main] INFO  c.a.engine.ConversationManager - Created new user state: user_25
18:15:15.759 [main] INFO  c.a.e.ConversationalAdRelevanceEngine - Updated user preferences for user user_25: interests=[technology, fashion], blocked=[]
18:15:15.759 [main] INFO  c.a.engine.ConversationManager - Created new user state: user_26
18:15:15.760 [main] INFO  c.a.e.ConversationalAdRelevanceEngine - Updated user preferences for user user_26: interests=[technology, fashion], blocked=[]
18:15:15.760 [main] INFO  c.a.engine.ConversationManager - Created new user state: user_27
18:15:15.760 [main] INFO  c.a.e.ConversationalAdRelevanceEngine - Updated user preferences for user user_27: interests=[technology, fashion], blocked=[]
18:15:15.760 [main] INFO  c.a.engine.ConversationManager - Created new user state: user_28
18:15:15.760 [main] INFO  c.a.e.ConversationalAdRelevanceEngine - Updated user preferences for user user_28: interests=[technology, fashion], blocked=[]
18:15:15.760 [main] INFO  c.a.engine.ConversationManager - Created new user state: user_29
18:15:15.761 [main] INFO  c.a.e.ConversationalAdRelevanceEngine - Updated user preferences for user user_29: interests=[technology, fashion], blocked=[]
18:15:15.761 [main] INFO  c.a.engine.ConversationManager - Created new user state: user_30
18:15:15.761 [main] INFO  c.a.e.ConversationalAdRelevanceEngine - Updated user preferences for user user_30: interests=[technology, fashion], blocked=[]
18:15:15.761 [main] INFO  c.a.engine.ConversationManager - Created new user state: user_31
18:15:15.761 [main] INFO  c.a.e.ConversationalAdRelevanceEngine - Updated user preferences for user user_31: interests=[technology, fashion], blocked=[]
18:15:15.761 [main] INFO  c.a.engine.ConversationManager - Created new user state: user_32
18:15:15.761 [main] INFO  c.a.e.ConversationalAdRelevanceEngine - Updated user preferences for user user_32: interests=[technology, fashion], blocked=[]
18:15:15.761 [main] INFO  c.a.engine.ConversationManager - Created new user state: user_33
18:15:15.761 [main] INFO  c.a.e.ConversationalAdRelevanceEngine - Updated user preferences for user user_33: interests=[technology, fashion], blocked=[]
18:15:15.761 [main] INFO  c.a.engine.ConversationManager - Created new user state: user_34
18:15:15.761 [main] INFO  c.a.e.ConversationalAdRelevanceEngine - Updated user preferences for user user_34: interests=[technology, fashion], blocked=[]
18:15:15.761 [main] INFO  c.a.engine.ConversationManager - Created new user state: user_35
18:15:15.761 [main] INFO  c.a.e.ConversationalAdRelevanceEngine - Updated user preferences for user user_35: interests=[technology, fashion], blocked=[]
18:15:15.761 [main] INFO  c.a.engine.ConversationManager - Created new user state: user_36
18:15:15.761 [main] INFO  c.a.e.ConversationalAdRelevanceEngine - Updated user preferences for user user_36: interests=[technology, fashion], blocked=[]
18:15:15.761 [main] INFO  c.a.engine.ConversationManager - Created new user state: user_37
18:15:15.761 [main] INFO  c.a.e.ConversationalAdRelevanceEngine - Updated user preferences for user user_37: interests=[technology, fashion], blocked=[]
18:15:15.761 [main] INFO  c.a.engine.ConversationManager - Created new user state: user_38
18:15:15.761 [main] INFO  c.a.e.ConversationalAdRelevanceEngine - Updated user preferences for user user_38: interests=[technology, fashion], blocked=[]
18:15:15.761 [main] INFO  c.a.engine.ConversationManager - Created new user state: user_39
18:15:15.761 [main] INFO  c.a.e.ConversationalAdRelevanceEngine - Updated user preferences for user user_39: interests=[technology, fashion], blocked=[]
18:15:15.761 [main] INFO  c.a.engine.ConversationManager - Created new user state: user_40
18:15:15.761 [main] INFO  c.a.e.ConversationalAdRelevanceEngine - Updated user preferences for user user_40: interests=[technology, fashion], blocked=[]
18:15:15.761 [main] INFO  c.a.engine.ConversationManager - Created new user state: user_41
18:15:15.761 [main] INFO  c.a.e.ConversationalAdRelevanceEngine - Updated user preferences for user user_41: interests=[technology, fashion], blocked=[]
18:15:15.762 [main] INFO  c.a.engine.ConversationManager - Created new user state: user_42
18:15:15.762 [main] INFO  c.a.e.ConversationalAdRelevanceEngine - Updated user preferences for user user_42: interests=[technology, fashion], blocked=[]
18:15:15.762 [main] INFO  c.a.engine.ConversationManager - Created new user state: user_43
18:15:15.762 [main] INFO  c.a.e.ConversationalAdRelevanceEngine - Updated user preferences for user user_43: interests=[technology, fashion], blocked=[]
18:15:15.762 [main] INFO  c.a.engine.ConversationManager - Created new user state: user_44
18:15:15.762 [main] INFO  c.a.e.ConversationalAdRelevanceEngine - Updated user preferences for user user_44: interests=[technology, fashion], blocked=[]
18:15:15.762 [main] INFO  c.a.engine.ConversationManager - Created new user state: user_45
18:15:15.762 [main] INFO  c.a.e.ConversationalAdRelevanceEngine - Updated user preferences for user user_45: interests=[technology, fashion], blocked=[]
18:15:15.762 [main] INFO  c.a.engine.ConversationManager - Created new user state: user_46
18:15:15.762 [main] INFO  c.a.e.ConversationalAdRelevanceEngine - Updated user preferences for user user_46: interests=[technology, fashion], blocked=[]
18:15:15.762 [main] INFO  c.a.engine.ConversationManager - Created new user state: user_47
18:15:15.762 [main] INFO  c.a.e.ConversationalAdRelevanceEngine - Updated user preferences for user user_47: interests=[technology, fashion], blocked=[]
18:15:15.762 [main] INFO  c.a.engine.ConversationManager - Created new user state: user_48
18:15:15.762 [main] INFO  c.a.e.ConversationalAdRelevanceEngine - Updated user preferences for user user_48: interests=[technology, fashion], blocked=[]
18:15:15.762 [main] INFO  c.a.engine.ConversationManager - Created new user state: user_49
18:15:15.762 [main] INFO  c.a.e.ConversationalAdRelevanceEngine - Updated user preferences for user user_49: interests=[technology, fashion], blocked=[]
Active conversations: 5
Total users: 50
Ad inventory size: 6
18:15:15.768 [main] INFO  c.a.e.ConversationalAdRelevanceEngine - Engine shutdown completed
]]></system-out>
  </testcase>
</testsuite>